it global_time dt rho_max alp_min M_rest
       0  0.00000000E+00  2.72120408E-01   1.27949501E-03   7.01801751E-01   1.41619090E+00
       8  2.03001708E+00  2.75379680E-01   1.25431597E-03   7.01801751E-01   1.41619090E+00
      16  4.06003416E+00  2.82156706E-01   1.20238805E-03   7.02831002E-01   1.41619090E+00
      24  6.09005124E+00  2.91616658E-01   1.13797077E-03   7.04316611E-01   1.41619090E+00
      31  8.12006832E+00  3.03006248E-01   1.07718016E-03   7.05593582E-01   1.41619090E+00
      38  1.01500854E+01  3.15788407E-01   1.03516110E-03   7.05849569E-01   1.41619090E+00
      46  1.25043923E+01  3.28388967E-01   1.00456311E-03   7.03445967E-01   1.41619090E+00
      54  1.48446692E+01  3.13611191E-01   1.01917562E-03   7.03445967E-01   1.41619090E+00
      62  1.71497278E+01  3.00616533E-01   1.03342868E-03   6.92438355E-01   1.41619090E+00
      70  1.94253445E+01  2.85274023E-01   1.09481854E-03   6.85127947E-01   1.41619090E+00
      79  2.16826937E+01  2.72797712E-01   1.17006237E-03   6.73517583E-01   1.41619090E+00
      88  2.39223064E+01  2.60627515E-01   1.29810960E-03   6.64213158E-01   1.41619090E+00
      97  2.61580369E+01  2.32185178E-01   1.43787481E-03   6.50359294E-01   1.41619090E+00
     106  2.84071826E+01  1.30565630E-02   1.60189830E-03   6.33889891E-01   1.41619090E+00
     117  3.04502562E+01  1.71001013E-01   1.74470685E-03   6.20189353E-01   1.41619090E+00
     132  3.24802733E+01  1.22767761E-01   1.90793347E-03   6.12400401E-01   1.41619090E+00
     150  3.45102904E+01  1.11234461E-01   1.87098425E-03   6.10509732E-01   1.41619090E+00
     169  3.65403074E+01  1.04768359E-01   1.69573646E-03   6.14634251E-01   1.41619090E+00
     189  3.85703245E+01  1.00198564E-01   1.59534662E-03   6.20821602E-01   1.41619090E+00
     210  4.06003416E+01  9.69188899E-02   1.55146384E-03   6.27486184E-01   1.41619090E+00
     232  4.26303587E+01  9.46261024E-02   1.44773492E-03   6.36274328E-01   1.41619090E+00
     254  4.46603758E+01  9.27233467E-02   1.40874235E-03   6.43101594E-01   1.41619090E+00
     277  4.66903928E+01  9.12124427E-02   1.38843792E-03   6.49694728E-01   1.41619090E+00
     301  4.88108336E+01  9.02833039E-02   1.34781292E-03   6.58682335E-01   1.41619090E+00
     325  5.09295434E+01  8.94446770E-02   1.34170433E-03   6.64509307E-01   1.41619090E+00
     349  5.30471336E+01  8.87410824E-02   1.32653180E-03   6.69949009E-01   1.41619090E+00
     373  5.51640401E+01  8.83106388E-02   1.28740776E-03   6.78135667E-01   1.41619090E+00
     398  5.72802958E+01  8.79758468E-02   1.23023237E-03   6.83531476E-01   1.41619090E+00
     423  5.93962539E+01  8.75168354E-02   1.21570213E-03   6.90597304E-01   1.41619089E+00
     448  6.15121643E+01  8.72832029E-02   1.16485413E-03   6.95274602E-01   1.41619089E+00
     473  6.36280677E+01  8.71696036E-02   1.09639471E-03   7.01254857E-01   1.41619089E+00
     498  6.57442467E+01  8.70950860E-02   1.05262036E-03   7.04558036E-01   1.41619089E+00
     523  6.78611909E+01  8.70861567E-02   1.03316211E-03   7.08122419E-01   1.41619089E+00
     547  6.98913377E+01  8.70880913E-02   1.01226309E-03   7.09507816E-01   1.41619089E+00
     572  7.20079283E+01  8.69999389E-02   1.01028081E-03   7.10070680E-01   1.41619089E+00
     597  7.41244538E+01  8.69665318E-02   1.03405093E-03   7.09430869E-01   1.41619088E+00
     621  7.61557455E+01  8.73595659E-02   1.05242435E-03   7.07053329E-01   1.41619088E+00
     645  7.82153843E+01  9.05453633E-02   1.05449432E-03   7.04601000E-01   1.41619087E+00
     668  8.02908026E+01  9.46060685E-02   1.07939698E-03   7.01212654E-01   1.41619086E+00
     690  8.23688146E+01  9.84474662E-02   1.12703592E-03   6.93982625E-01   1.41619085E+00
     711  8.44461138E+01  1.02638054E-01   1.20488761E-03   6.87775080E-01   1.41619084E+00
     731  8.65241786E+01  1.06685079E-01   1.25160191E-03   6.80660250E-01   1.41619083E+00
     751  8.86044979E+01  1.10911817E-01   1.28452866E-03   6.73116650E-01   1.41619082E+00
     770  9.06855009E+01  1.15340703E-01   1.36391521E-03   6.65217657E-01   1.41619081E+00
     788  9.27678622E+01  1.19513248E-01   1.43940301E-03   6.60947792E-01   1.41619080E+00
     806  9.48493074E+01  1.24187255E-01   1.46044481E-03   6.52941354E-01   1.41619079E+00
     823  9.69323062E+01  1.28499566E-01   1.49962775E-03   6.45536665E-01   1.41619078E+00
     839  9.90161556E+01  1.33223233E-01   1.52245212E-03   6.39290947E-01   1.41619077E+00
     855  1.01100633E+02  1.37687899E-01   1.53579622E-03   6.37023313E-01   1.41619076E+00
     870  1.03182356E+02  1.42185141E-01   1.54949508E-03   6.33752419E-01   1.41619076E+00
     885  1.05269298E+02  1.46936765E-01   1.55603127E-03   6.33043474E-01   1.41619074E+00
     899  1.07352150E+02  1.51410829E-01   1.56270942E-03   6.33628255E-01   1.41619074E+00
     913  1.09438574E+02  1.56279397E-01   1.55021776E-03   6.35049519E-01   1.41619073E+00
     927  1.11524315E+02  1.26624649E-01   1.52611619E-03   6.37158894E-01   1.41619072E+00
     940  1.13610004E+02  7.09526154E-02   1.51415815E-03   6.44073007E-01   1.41619071E+00
     953  1.15698907E+02  1.20669050E-02   1.47448738E-03   6.48503307E-01   1.41619070E+00
     966  1.17740991E+02  1.75353353E-01   1.40683216E-03   6.53415380E-01   1.41619069E+00
     978  1.19771008E+02  1.80409287E-01   1.36292867E-03   6.62915704E-01   1.41619068E+00
     990  1.21801025E+02  1.85216540E-01   1.28491428E-03   6.67587016E-01   1.41619067E+00
    1001  1.23831042E+02  1.89877093E-01   1.24865859E-03   6.77356971E-01   1.41619067E+00
    1012  1.25861059E+02  1.95262984E-01   1.20128843E-03   6.82711826E-01   1.41619066E+00
    1023  1.27891076E+02  2.00410614E-01   1.17554437E-03   6.87279633E-01   1.41619065E+00
    1034  1.29921093E+02  2.05466884E-01   1.14224936E-03   6.91053097E-01   1.41619064E+00
    1044  1.31951110E+02  2.06938015E-01   1.13744873E-03   6.94017744E-01   1.41619063E+00
    1054  1.33981127E+02  2.06893909E-01   1.12389074E-03   6.96417684E-01   1.41619063E+00
    1064  1.36011144E+02  2.06892220E-01   1.10801275E-03   6.97991122E-01   1.41619062E+00
    1074  1.38041161E+02  2.07163220E-01   1.11050332E-03   6.98685988E-01   1.41619061E+00
    1084  1.40071179E+02  2.07174030E-01   1.12358336E-03   6.98514557E-01   1.41619059E+00
    1094  1.42101196E+02  2.07491961E-01   1.14154637E-03   6.97563254E-01   1.41619058E+00
    1104  1.44131213E+02  2.07494434E-01   1.14950344E-03   6.95959397E-01   1.41619057E+00
    1114  1.46161230E+02  2.07605925E-01   1.16191461E-03   6.93749795E-01   1.41619056E+00
    1124  1.48191247E+02  2.07891074E-01   1.18610290E-03   6.90936089E-01   1.41619055E+00
    1134  1.50221264E+02  2.07930775E-01   1.20959135E-03   6.87587927E-01   1.41619054E+00
    1144  1.52251281E+02  2.08315615E-01   1.23084039E-03   6.83799403E-01   1.41619053E+00
    1154  1.54281298E+02  2.08353326E-01   1.25639582E-03   6.79628955E-01   1.41619052E+00
    1164  1.56311315E+02  2.08624572E-01   1.28988188E-03   6.75133037E-01   1.41619050E+00
    1174  1.58341332E+02  2.08783781E-01   1.31955424E-03   6.70460346E-01   1.41619048E+00
    1184  1.60371349E+02  2.08928907E-01   1.34865622E-03   6.65753003E-01   1.41619047E+00
    1194  1.62401366E+02  2.09239541E-01   1.37758048E-03   6.61147404E-01   1.41619046E+00
    1204  1.64431383E+02  2.09323263E-01   1.40808514E-03   6.56795769E-01   1.41619045E+00
    1214  1.66461401E+02  2.09575758E-01   1.43636367E-03   6.52889416E-01   1.41619044E+00
    1224  1.68491418E+02  2.13710656E-01   1.46077216E-03   6.49610137E-01   1.41619043E+00
    1234  1.70521435E+02  2.17862525E-01   1.47797096E-03   6.47140358E-01   1.41619042E+00
    1244  1.72551452E+02  2.21338596E-01   1.48895208E-03   6.45686575E-01   1.41619040E+00
    1254  1.74581469E+02  2.26632215E-01   1.49379706E-03   6.45349244E-01   1.41619039E+00
    1263  1.76611486E+02  2.30547462E-01   1.48846947E-03   6.46177946E-01   1.41619038E+00
    1272  1.78641503E+02  2.35192103E-01   1.46964007E-03   6.48421497E-01   1.41619037E+00
    1281  1.80671520E+02  2.40272748E-01   1.45131435E-03   6.51847283E-01   1.41619035E+00
    1290  1.82701537E+02  2.44434209E-01   1.42318450E-03   6.55849910E-01   1.41619034E+00
    1299  1.84731554E+02  2.49419025E-01   1.37507304E-03   6.55849910E-01   1.41619032E+00
    1308  1.86761571E+02  2.54198801E-01   1.34049186E-03   6.60572156E-01   1.41619032E+00
    1316  1.88791588E+02  2.59375333E-01   1.31112284E-03   6.65457200E-01   1.41619030E+00
    1324  1.90821606E+02  2.64491917E-01   1.28914904E-03   6.70680210E-01   1.41619030E+00
    1332  1.92851623E+02  2.69684399E-01   1.26990605E-03   6.75423047E-01   1.41619029E+00
    1340  1.94881640E+02  2.75247198E-01   1.24583746E-03   6.79305520E-01   1.41619028E+00
    1348  1.96911657E+02  2.80527286E-01   1.21956783E-03   6.79305520E-01   1.41619026E+00
    1356  1.98941674E+02  2.85971962E-01   1.21655958E-03   6.82560357E-01   1.41619025E+00
    1364  2.00971691E+02  2.91766935E-01   1.21454003E-03   6.84931163E-01   1.41619024E+00
    1371  2.03001708E+02  2.93278014E-01   1.20932633E-03   6.86516969E-01   1.41619023E+00
    1378  2.05031725E+02  2.95050159E-01   1.19815967E-03   6.86516969E-01   1.41619022E+00
    1385  2.07061742E+02  2.96347150E-01   1.18948605E-03   6.87376649E-01   1.41619021E+00
    1392  2.09091759E+02  2.94856562E-01   1.19356805E-03   6.87172755E-01   1.41619019E+00
    1399  2.11121776E+02  2.91596518E-01   1.21464373E-03   6.87172755E-01   1.41619018E+00
    1406  2.13151793E+02  2.91106333E-01   1.22181749E-03   6.85884402E-01   1.41619017E+00
    1413  2.15181810E+02  2.91406989E-01   1.22586053E-03   6.83806067E-01   1.41619015E+00
    1420  2.17211828E+02  2.91188280E-01   1.23051161E-03   6.81037119E-01   1.41619014E+00
    1428  2.19241845E+02  2.87164625E-01   1.25334243E-03   6.81037119E-01   1.41619013E+00
    1436  2.21271862E+02  2.85857059E-01   1.27376852E-03   6.77952313E-01   1.41619012E+00
    1444  2.23301879E+02  2.84987815E-01   1.28945474E-03   6.74473680E-01   1.41619010E+00
    1452  2.25331896E+02  2.84246105E-01   1.30484435E-03   6.70823910E-01   1.41619009E+00
    1460  2.27361913E+02  2.83164234E-01   1.32431431E-03   6.67486471E-01   1.41619006E+00
    1468  2.29391930E+02  2.79033161E-01   1.35179806E-03   6.67486471E-01   1.41619005E+00
    1476  2.31421947E+02  2.78815716E-01   1.37204548E-03   6.63986204E-01   1.41619004E+00
    1484  2.33451964E+02  2.78928804E-01   1.38595897E-03   6.60922918E-01   1.41619002E+00
    1492  2.35481981E+02  2.79217502E-01   1.39540757E-03   6.58566548E-01   1.41618999E+00
    1500  2.37511998E+02  2.78880478E-01   1.40386852E-03   6.57135919E-01   1.41618992E+00
    1508  2.39542015E+02  2.77911695E-01   1.41363293E-03   6.57135919E-01   1.41618986E+00
    1516  2.41572033E+02  2.78785740E-01   1.41056573E-03   6.56463013E-01   1.41618981E+00
    1524  2.43602050E+02  2.79043985E-01   1.40617550E-03   6.56755637E-01   1.41618974E+00
    1532  2.45632067E+02  2.78971273E-01   1.40125717E-03   6.57923873E-01   1.41618964E+00
    1540  2.47662084E+02  2.79134150E-01   1.39142231E-03   6.59676180E-01   1.41618953E+00
    1548  2.49692101E+02  2.81733654E-01   1.37081903E-03   6.59676180E-01   1.41618948E+00
    1556  2.51722118E+02  2.82291682E-01   1.35523224E-03   6.62141328E-01   1.41618943E+00
    1564  2.53752135E+02  2.82853811E-01   1.34069587E-03   6.64961149E-01   1.41618937E+00
    1572  2.55782152E+02  2.83414084E-01   1.32776219E-03   6.67897272E-01   1.41618931E+00
    1580  2.57812169E+02  2.84167876E-01   1.31368972E-03   6.70504608E-01   1.41618924E+00
    1588  2.59842186E+02  2.87534791E-01   1.29100232E-03   6.70504608E-01   1.41618916E+00
    1596  2.61872203E+02  2.88155015E-01   1.27959098E-03   6.73210838E-01   1.41618908E+00
    1604  2.63902220E+02  2.88629269E-01   1.27074715E-03   6.75575062E-01   1.41618902E+00
    1612  2.65932237E+02  2.89079714E-01   1.26181248E-03   6.77499209E-01   1.41618894E+00
    1620  2.67962255E+02  2.89656369E-01   1.25576505E-03   6.78786927E-01   1.41618890E+00
    1628  2.69992272E+02  2.90381290E-01   1.25163333E-03   6.78786927E-01   1.41618884E+00
    1635  2.72022289E+02  2.90327432E-01   1.24815789E-03   6.79768384E-01   1.41618877E+00
    1642  2.74052306E+02  2.90809414E-01   1.24449546E-03   6.80312213E-01   1.41618870E+00
    1649  2.76082323E+02  2.91602912E-01   1.23953887E-03   6.80312213E-01   1.41618862E+00
    1656  2.78112340E+02  2.90584694E-01   1.24214644E-03   6.80212215E-01   1.41618854E+00
    1664  2.80142357E+02  2.88791522E-01   1.25668468E-03   6.79379179E-01   1.41618845E+00
    1672  2.82172374E+02  2.88441390E-01   1.26427571E-03   6.78140193E-01   1.41618837E+00
    1680  2.84202391E+02  2.88967439E-01   1.26543142E-03   6.76785408E-01   1.41618832E+00
    1688  2.86232408E+02  2.86946522E-01   1.27502326E-03   6.76785408E-01   1.41618826E+00
    1696  2.88262425E+02  2.85751565E-01   1.28798947E-03   6.74979128E-01   1.41618819E+00
    1704  2.90292442E+02  2.84981508E-01   1.30061182E-03   6.72915932E-01   1.41618812E+00
    1712  2.92322460E+02  2.84679783E-01   1.30974674E-03   6.70779967E-01   1.41618805E+00
    1720  2.94352477E+02  2.84224216E-01   1.31933015E-03   6.68887142E-01   1.41618797E+00
    1728  2.96382494E+02  2.81962706E-01   1.33595016E-03   6.68887142E-01   1.41618786E+00
    1736  2.98412511E+02  2.81907616E-01   1.34404281E-03   6.66935967E-01   1.41618781E+00
    1744  3.00442528E+02  2.81832011E-01   1.35157479E-03   6.65249683E-01   1.41618774E+00
    1752  3.02472545E+02  2.81873567E-01   1.35779451E-03   6.63932161E-01   1.41618768E+00
    1760  3.04502562E+02  2.81745153E-01   1.36270607E-03   6.63122018E-01   1.41618758E+00
    1768  3.06532579E+02  2.81210888E-01   1.36707025E-03   6.63122018E-01   1.41618750E+00
    1776  3.08562596E+02  2.81726087E-01   1.36547802E-03   6.62701320E-01   1.41618737E+00
    1784  3.10592613E+02  2.81926604E-01   1.36358215E-03   6.62780902E-01   1.41618731E+00
    1792  3.12622630E+02  2.81892387E-01   1.36136428E-03   6.63318942E-01   1.41618725E+00
    1800  3.14652647E+02  2.81883561E-01   1.35732578E-03   6.64172846E-01   1.41618716E+00
    1808  3.16682664E+02  2.83160369E-01   1.34701537E-03   6.64172846E-01   1.41618707E+00
    1816  3.18712682E+02  2.83481453E-01   1.33967317E-03   6.65436645E-01   1.41618696E+00
    1824  3.20742699E+02  2.83700780E-01   1.33272855E-03   6.66932616E-01   1.41618686E+00
    1832  3.22772716E+02  2.83935253E-01   1.32518754E-03   6.68556236E-01   1.41618682E+00
    1840  3.24802733E+02  2.84489350E-01   1.31587739E-03   6.70056235E-01   1.41618674E+00
    1848  3.26832750E+02  2.86540037E-01   1.30212135E-03   6.70056235E-01   1.41618663E+00
    1856  3.28862767E+02  2.86734299E-01   1.29692521E-03   6.71646863E-01   1.41618650E+00
    1864  3.30892784E+02  2.86769676E-01   1.29178963E-03   6.73067164E-01   1.41618640E+00
    1872  3.32922801E+02  2.87170177E-01   1.28498380E-03   6.74279947E-01   1.41618636E+00
    1880  3.34952818E+02  2.87815494E-01   1.27910781E-03   6.75134601E-01   1.41618627E+00
    1888  3.36982835E+02  2.88647113E-01   1.27480635E-03   6.75134601E-01   1.41618616E+00
    1896  3.39012852E+02  2.88440494E-01   1.27392070E-03   6.75788602E-01   1.41618604E+00
    1904  3.41042869E+02  2.88502689E-01   1.27243814E-03   6.76124514E-01   1.41618595E+00
    1912  3.43072887E+02  2.88394641E-01   1.27257672E-03   6.76143126E-01   1.41618587E+00
    1920  3.45102904E+02  2.88313033E-01   1.27367714E-03   6.75891036E-01   1.41618577E+00
    1928  3.47132921E+02  2.87619721E-01   1.27780939E-03   6.75891036E-01   1.41618564E+00
    1936  3.49162938E+02  2.87265218E-01   1.28166610E-03   6.75336398E-01   1.41618550E+00
    1944  3.51192955E+02  2.86919103E-01   1.28592481E-03   6.74533726E-01   1.41618545E+00
    1952  3.53222972E+02  2.86640468E-01   1.29063477E-03   6.73537573E-01   1.41618536E+00
    1960  3.55252989E+02  2.86267854E-01   1.29614426E-03   6.72521998E-01   1.41618524E+00
    1968  3.57283006E+02  2.84822949E-01   1.30557838E-03   6.72521998E-01   1.41618511E+00
    1976  3.59313023E+02  2.84532742E-01   1.31139765E-03   6.71318117E-01   1.41618502E+00
    1984  3.61343040E+02  2.84336599E-01   1.31743829E-03   6.70108713E-01   1.41618495E+00
    1992  3.63373057E+02  2.84251164E-01   1.32226840E-03   6.68964548E-01   1.41618485E+00
    2000  3.65403074E+02  2.83967645E-01   1.32745085E-03   6.68033684E-01   1.41618472E+00
    2008  3.67433091E+02  2.82913158E-01   1.33543202E-03   6.68033684E-01   1.41618459E+00
    2016  3.69463109E+02  2.83035219E-01   1.33838089E-03   6.67172708E-01   1.41618454E+00
    2024  3.71493126E+02  2.83148523E-01   1.34022549E-03   6.66546146E-01   1.41618446E+00
    2032  3.73523143E+02  2.83175378E-01   1.34160918E-03   6.66178666E-01   1.41618435E+00
    2040  3.75553160E+02  2.83079566E-01   1.34290696E-03   6.66079285E-01   1.41618417E+00
    2048  3.77583177E+02  2.83273670E-01   1.34149849E-03   6.66079285E-01   1.41618410E+00
    2056  3.79613194E+02  2.83477599E-01   1.33941642E-03   6.66230200E-01   1.41618400E+00
    2064  3.81643211E+02  2.83549079E-01   1.33720526E-03   6.66627441E-01   1.41618388E+00
    2072  3.83673228E+02  2.83599379E-01   1.33434303E-03   6.67233124E-01   1.41618375E+00
    2080  3.85703245E+02  2.83751228E-01   1.33054381E-03   6.67928414E-01   1.41618365E+00
    2088  3.87733262E+02  2.84721603E-01   1.32360613E-03   6.67928414E-01   1.41618358E+00
    2096  3.89763279E+02  2.84935806E-01   1.31896369E-03   6.68805839E-01   1.41618343E+00
    2104  3.91793296E+02  2.85124572E-01   1.31446505E-03   6.69739558E-01   1.41618328E+00
    2112  3.93823314E+02  2.85297460E-01   1.31020991E-03   6.70668900E-01   1.41618318E+00
    2120  3.95853331E+02  2.85594932E-01   1.30552838E-03   6.71459000E-01   1.41618310E+00
    2128  3.97883348E+02  2.86601635E-01   1.29911315E-03   6.71459000E-01   1.41618300E+00
    2136  3.99913365E+02  2.86664503E-01   1.29626325E-03   6.72241103E-01   1.41618282E+00
    2144  4.01943382E+02  2.86721048E-01   1.29399385E-03   6.72879138E-01   1.41618272E+00
    2152  4.03973399E+02  2.86816516E-01   1.29217382E-03   6.73350769E-01   1.41618264E+00
    2160  4.06003416E+02  2.86953924E-01   1.29037157E-03   6.73621528E-01   1.41618248E+00
    2168  4.08033433E+02  2.87200319E-01   1.28870401E-03   6.73621528E-01   1.41618233E+00
    2176  4.10063450E+02  2.86992833E-01   1.28935351E-03   6.73745921E-01   1.41618223E+00
    2184  4.12093467E+02  2.86894684E-01   1.29005584E-03   6.73678999E-01   1.41618216E+00
    2192  4.14123484E+02  2.86793160E-01   1.29130827E-03   6.73436000E-01   1.41618200E+00
    2200  4.16153501E+02  2.86605018E-01   1.29350001E-03   6.73081707E-01   1.41618180E+00
    2208  4.18183518E+02  2.85981249E-01   1.29752999E-03   6.73081707E-01   1.41618173E+00
    2216  4.20213536E+02  2.85853382E-01   1.30011136E-03   6.72565845E-01   1.41618163E+00
    2224  4.22243553E+02  2.85721158E-01   1.30293177E-03   6.71955271E-01   1.41618145E+00
    2232  4.24273570E+02  2.85489857E-01   1.30662066E-03   6.71281902E-01   1.41618129E+00
    2240  4.26303587E+02  2.85298760E-01   1.31014915E-03   6.70655526E-01   1.41618123E+00
    2248  4.28333604E+02  2.84537019E-01   1.31535664E-03   6.70655526E-01   1.41618110E+00
    2256  4.30363621E+02  2.84397071E-01   1.31866101E-03   6.69976999E-01   1.41618089E+00
    2264  4.32393638E+02  2.84376828E-01   1.32120205E-03   6.69354280E-01   1.41618078E+00
    2272  4.34423655E+02  2.84347955E-01   1.32338661E-03   6.68824215E-01   1.41618070E+00
    2280  4.36453672E+02  2.84225098E-01   1.32569572E-03   6.68444382E-01   1.41618054E+00
    2288  4.38483689E+02  2.83867536E-01   1.32833250E-03   6.68444382E-01   1.41618033E+00
    2296  4.40513706E+02  2.84001390E-01   1.32867409E-03   6.68153348E-01   1.41618026E+00
    2304  4.42543723E+02  2.84029825E-01   1.32904007E-03   6.68012152E-01   1.41618011E+00
    2312  4.44573741E+02  2.84055711E-01   1.32901577E-03   6.68021454E-01   1.41617990E+00
    2320  4.46603758E+02  2.84091126E-01   1.32809399E-03   6.68160592E-01   1.41617978E+00
    2328  4.48633775E+02  2.84433400E-01   1.32571005E-03   6.68160592E-01   1.41617970E+00
    2336  4.50663792E+02  2.84531580E-01   1.32401779E-03   6.68437634E-01   1.41617953E+00
    2344  4.52693809E+02  2.84569454E-01   1.32228907E-03   6.68816877E-01   1.41617932E+00
    2352  4.54723826E+02  2.84631860E-01   1.32006745E-03   6.69275723E-01   1.41617926E+00
    2360  4.56753843E+02  2.84787041E-01   1.31735494E-03   6.69736596E-01   1.41617911E+00
    2368  4.58783860E+02  2.85398779E-01   1.31318657E-03   6.69736596E-01   1.41617889E+00
    2376  4.60813877E+02  2.85480832E-01   1.31080271E-03   6.70266378E-01   1.41617879E+00
    2384  4.62843894E+02  2.85593647E-01   1.30832164E-03   6.70784600E-01   1.41617865E+00
    2392  4.64873911E+02  2.85711509E-01   1.30603541E-03   6.71261266E-01   1.41617845E+00
    2400  4.66903928E+02  2.85826662E-01   1.30409998E-03   6.71632162E-01   1.41617829E+00
    2408  4.68933945E+02  2.86235270E-01   1.30144211E-03   6.71632162E-01   1.41617819E+00
    2416  4.70963963E+02  2.86254737E-01   1.30032118E-03   6.71965269E-01   1.41617800E+00
    2424  4.72993980E+02  2.86273084E-01   1.29946734E-03   6.72200221E-01   1.41617777E+00
    2432  4.75023997E+02  2.86279798E-01   1.29889857E-03   6.72327837E-01   1.41617771E+00
    2440  4.77054014E+02  2.86289734E-01   1.29866782E-03   6.72347593E-01   1.41617755E+00
    2448  4.79084031E+02  2.86200653E-01   1.29914209E-03   6.72347593E-01   1.41617733E+00
    2456  4.81114048E+02  2.86073885E-01   1.30012155E-03   6.72267530E-01   1.41617723E+00
    2464  4.83144065E+02  2.85958297E-01   1.30137538E-03   6.72088264E-01   1.41617710E+00
    2472  4.85174082E+02  2.85878136E-01   1.30272617E-03   6.71826649E-01   1.41617690E+00
    2480  4.87204099E+02  2.85809878E-01   1.30416051E-03   6.71535557E-01   1.41617675E+00
    2488  4.89234116E+02  2.85381875E-01   1.30696520E-03   6.71535557E-01   1.41617666E+00
    2496  4.91264133E+02  2.85269849E-01   1.30892672E-03   6.71168212E-01   1.41617641E+00
    2504  4.93294150E+02  2.85174787E-01   1.31091798E-03   6.70775745E-01   1.41617624E+00
    2512  4.95324168E+02  2.85104417E-01   1.31278063E-03   6.70383344E-01   1.41617613E+00
    2520  4.97354185E+02  2.85008100E-01   1.31464075E-03   6.70048492E-01   1.41617594E+00
    2528  4.99384202E+02  2.84620707E-01   1.31732199E-03   6.70048492E-01   1.41617571E+00
    2536  5.01414219E+02  2.84624244E-01   1.31855385E-03   6.69716935E-01   1.41617565E+00
    2544  5.03444236E+02  2.84632618E-01   1.31953629E-03   6.69445441E-01   1.41617543E+00
    2552  5.05474253E+02  2.84615853E-01   1.32043150E-03   6.69245743E-01   1.41617518E+00
    2560  5.07504270E+02  2.84606953E-01   1.32100425E-03   6.69134555E-01   1.41617512E+00
    2568  5.09534287E+02  2.84550824E-01   1.32144863E-03   6.69134555E-01   1.41617496E+00
    2576  5.11564304E+02  2.84613783E-01   1.32126832E-03   6.69090126E-01   1.41617467E+00
    2584  5.13594321E+02  2.84670690E-01   1.32079824E-03   6.69129711E-01   1.41617460E+00
    2592  5.15624338E+02  2.84700218E-01   1.32009649E-03   6.69247843E-01   1.41617443E+00
    2600  5.17654355E+02  2.84741466E-01   1.31918284E-03   6.69412760E-01   1.41617413E+00
    2608  5.19684372E+02  2.84987829E-01   1.31747200E-03   6.69412760E-01   1.41617405E+00
    2616  5.21714390E+02  2.85039128E-01   1.31625240E-03   6.69645607E-01   1.41617389E+00
    2624  5.23744407E+02  2.85098481E-01   1.31485559E-03   6.69917156E-01   1.41617358E+00
    2632  5.25774424E+02  2.85160587E-01   1.31340241E-03   6.70210342E-01   1.41617351E+00
    2640  5.27804441E+02  2.85239997E-01   1.31193294E-03   6.70477814E-01   1.41617334E+00
    2648  5.29834458E+02  2.85575157E-01   1.30970041E-03   6.70477814E-01   1.41617305E+00
    2656  5.31864475E+02  2.85617312E-01   1.30851483E-03   6.70762820E-01   1.41617298E+00
    2664  5.33894492E+02  2.85656957E-01   1.30741420E-03   6.71019833E-01   1.41617273E+00
    2672  5.35924509E+02  2.85705745E-01   1.30637922E-03   6.71235832E-01   1.41617248E+00
    2680  5.37954526E+02  2.85769033E-01   1.30551366E-03   6.71386143E-01   1.41617242E+00
    2688  5.39984543E+02  2.85923823E-01   1.30449161E-03   6.71386143E-01   1.41617219E+00
    2696  5.42014560E+02  2.85912848E-01   1.30415778E-03   6.71498327E-01   1.41617195E+00
    2704  5.44044577E+02  2.85875506E-01   1.30414027E-03   6.71546847E-01   1.41617183E+00
    2712  5.46074595E+02  2.85830382E-01   1.30440706E-03   6.71530234E-01   1.41617154E+00
    2720  5.48104612E+02  2.85777590E-01   1.30490772E-03   6.71463021E-01   1.41617136E+00
    2728  5.50134629E+02  2.85628698E-01   1.30587129E-03   6.71463021E-01   1.41617126E+00
    2736  5.52164646E+02  2.85582020E-01   1.30657926E-03   6.71340149E-01   1.41617100E+00
    2744  5.54194663E+02  2.85535360E-01   1.30741704E-03   6.71175778E-01   1.41617084E+00
    2752  5.56224680E+02  2.85482859E-01   1.30840469E-03   6.70979517E-01   1.41617068E+00
    2760  5.58254697E+02  2.85410345E-01   1.30954259E-03   6.70784789E-01   1.41617038E+00
    2768  5.60284714E+02  2.85148142E-01   1.31131340E-03   6.70784789E-01   1.41617027E+00
    2776  5.62314731E+02  2.85111161E-01   1.31234348E-03   6.70561888E-01   1.41617006E+00
    2784  5.64344748E+02  2.85080905E-01   1.31332332E-03   6.70345161E-01   1.41616973E+00
    2792  5.66374765E+02  2.85051904E-01   1.31424264E-03   6.70146810E-01   1.41616966E+00
    2800  5.68404782E+02  2.85012267E-01   1.31508958E-03   6.69992410E-01   1.41616941E+00
    2808  5.70434799E+02  2.84860720E-01   1.31616915E-03   6.69992410E-01   1.41616917E+00
    2816  5.72464817E+02  2.84875012E-01   1.31659631E-03   6.69855634E-01   1.41616905E+00
    2824  5.74494834E+02  2.84885095E-01   1.31690600E-03   6.69761239E-01   1.41616877E+00
    2832  5.76524851E+02  2.84896757E-01   1.31705525E-03   6.69712899E-01   1.41616860E+00
    2840  5.78554868E+02  2.84910943E-01   1.31703329E-03   6.69710388E-01   1.41616844E+00
    2848  5.80584885E+02  2.84964059E-01   1.31670960E-03   6.69710388E-01   1.41616814E+00
    2856  5.82614902E+02  2.85010079E-01   1.31629762E-03   6.69750671E-01   1.41616804E+00
    2864  5.84644919E+02  2.85036922E-01   1.31582042E-03   6.69831888E-01   1.41616783E+00
    2872  5.86674936E+02  2.85054536E-01   1.31526260E-03   6.69947178E-01   1.41616753E+00
    2880  5.88704953E+02  2.85087657E-01   1.31456255E-03   6.70074315E-01   1.41616747E+00
    2888  5.90734970E+02  2.85265119E-01   1.31334128E-03   6.70074315E-01   1.41616714E+00
    2896  5.92764987E+02  2.85298551E-01   1.31255742E-03   6.70232081E-01   1.41616696E+00
    2904  5.94795004E+02  2.85333361E-01   1.31175704E-03   6.70397804E-01   1.41616679E+00
    2912  5.96825022E+02  2.85359845E-01   1.31103222E-03   6.70561279E-01   1.41616648E+00
    2920  5.98855039E+02  2.85399934E-01   1.31028373E-03   6.70699644E-01   1.41616638E+00
    2928  6.00885056E+02  2.85572795E-01   1.30912387E-03   6.70699644E-01   1.41616608E+00
    2936  6.02915073E+02  2.85591964E-01   1.30858185E-03   6.70836562E-01   1.41616582E+00
    2944  6.04945090E+02  2.85602614E-01   1.30813749E-03   6.70947710E-01   1.41616569E+00
    2952  6.06975107E+02  2.85616930E-01   1.30774169E-03   6.71027654E-01   1.41616541E+00
    2960  6.09005124E+02  2.85628666E-01   1.30747690E-03   6.71069671E-01   1.41616525E+00
    2968  6.11035141E+02  2.85632676E-01   1.30740355E-03   6.71069671E-01   1.41616501E+00
    2976  6.13065158E+02  2.85592145E-01   1.30758696E-03   6.71082121E-01   1.41616466E+00
    2984  6.15095175E+02  2.85561934E-01   1.30783019E-03   6.71059443E-01   1.41616460E+00
    2992  6.17125192E+02  2.85539375E-01   1.30813374E-03   6.71005185E-01   1.41616426E+00
    3000  6.19155209E+02  2.85510904E-01   1.30854630E-03   6.70932877E-01   1.41616408E+00
    3008  6.21185226E+02  2.85391813E-01   1.30932952E-03   6.70932877E-01   1.41616390E+00
    3016  6.23215244E+02  2.85358956E-01   1.30988285E-03   6.70832484E-01   1.41616350E+00
    3024  6.25245261E+02  2.85334179E-01   1.31044285E-03   6.70717452E-01   1.41616343E+00
    3032  6.27275278E+02  2.85309535E-01   1.31102884E-03   6.70594859E-01   1.41616316E+00
    3040  6.29305295E+02  2.85273421E-01   1.31165729E-03   6.70483490E-01   1.41616294E+00
    3048  6.31335312E+02  2.85134299E-01   1.31260601E-03   6.70483490E-01   1.41616275E+00
    3056  6.33365329E+02  2.85123792E-01   1.31310443E-03   6.70365473E-01   1.41616232E+00
    3064  6.35395346E+02  2.85114306E-01   1.31355564E-03   6.70260045E-01   1.41616196E+00
    3072  6.37425363E+02  2.85104665E-01   1.31394984E-03   6.70172801E-01   1.41616056E+00
    3080  6.39455380E+02  2.85092599E-01   1.31426739E-03   6.70113414E-01   1.41615806E+00
    3088  6.41485397E+02  2.85049469E-01   1.31459323E-03   6.70113414E-01   1.41615481E+00
    3096  6.43515414E+02  2.85071893E-01   1.31462101E-03   6.70071209E-01   1.41615112E+00
    3104  6.45545431E+02  2.85091535E-01   1.31457823E-03   6.70055315E-01   1.41614717E+00
    3112  6.47575449E+02  2.85105457E-01   1.31447916E-03   6.70065094E-01   1.41614302E+00
    3120  6.49605466E+02  2.85120156E-01   1.31430309E-03   6.70094649E-01   1.41613872E+00
    3128  6.51635483E+02  2.85183633E-01   1.31388929E-03   6.70094649E-01   1.41613431E+00
    3136  6.53665500E+02  2.85208420E-01   1.31355272E-03   6.70147413E-01   1.41612983E+00
    3144  6.55695517E+02  2.85228229E-01   1.31318779E-03   6.70217439E-01   1.41612533E+00
    3152  6.57725534E+02  2.85245833E-01   1.31279060E-03   6.70299888E-01   1.41612087E+00
    3160  6.59755551E+02  2.85269075E-01   1.31234670E-03   6.70380740E-01   1.41611663E+00
    3168  6.61785568E+02  2.85373919E-01   1.31164081E-03   6.70380740E-01   1.41611327E+00
    3176  6.63815585E+02  2.85388538E-01   1.31122698E-03   6.70472705E-01   1.41611097E+00
    3184  6.65845602E+02  2.85403494E-01   1.31081030E-03   6.70561896E-01   1.41610936E+00
    3192  6.67875619E+02  2.85418112E-01   1.31042054E-03   6.70643277E-01   1.41610815E+00
    3200  6.69905636E+02  2.85438797E-01   1.31005482E-03   6.70706182E-01   1.41610715E+00
    3208  6.71935653E+02  2.85507550E-01   1.30958054E-03   6.70706182E-01   1.41610629E+00
    3216  6.73965671E+02  2.85500708E-01   1.30941023E-03   6.70761371E-01   1.41610549E+00
    3224  6.75995688E+02  2.85490691E-01   1.30932343E-03   6.70798034E-01   1.41610472E+00
    3232  6.78025705E+02  2.85481765E-01   1.30929857E-03   6.70814768E-01   1.41610396E+00
    3240  6.80055722E+02  2.85473590E-01   1.30933567E-03   6.70812727E-01   1.41610320E+00
    3248  6.82085739E+02  2.85445694E-01   1.30950409E-03   6.70812727E-01   1.41610240E+00
    3256  6.84115756E+02  2.85422762E-01   1.30970647E-03   6.70792954E-01   1.41610159E+00
    3264  6.86145773E+02  2.85405560E-01   1.30993154E-03   6.70756866E-01   1.41610076E+00
    3272  6.88175790E+02  2.85392627E-01   1.31017786E-03   6.70707490E-01   1.41609995E+00
    3280  6.90205807E+02  2.85375538E-01   1.31046984E-03   6.70654197E-01   1.41609914E+00
    3288  6.92235824E+02  2.85299490E-01   1.31097714E-03   6.70654197E-01   1.41609835E+00
    3296  6.94265841E+02  2.85283921E-01   1.31130554E-03   6.70588805E-01   1.41609757E+00
    3304  6.96295858E+02  2.85272393E-01   1.31162410E-03   6.70520679E-01   1.41609681E+00
    3312  6.98325876E+02  2.85260958E-01   1.31193705E-03   6.70453890E-01   1.41609606E+00
    3320  7.00355893E+02  2.85243861E-01   1.31225266E-03   6.70397834E-01   1.41609532E+00
    3328  7.02385910E+02  2.85180142E-01   1.31269343E-03   6.70397834E-01   1.41609456E+00
    3336  7.04415927E+02  2.85182794E-01   1.31288192E-03   6.70343291E-01   1.41609377E+00
    3344  7.06445944E+02  2.85185534E-01   1.31303147E-03   6.70299797E-01   1.41609293E+00
    3352  7.08475961E+02  2.85187265E-01   1.31314435E-03   6.70269298E-01   1.41609207E+00
    3360  7.10505978E+02  2.85186921E-01   1.31321779E-03   6.70253952E-01   1.41609120E+00
    3368  7.12535995E+02  2.85184858E-01   1.31324632E-03   6.70253952E-01   1.41609034E+00
    3376  7.14566012E+02  2.85200035E-01   1.31317380E-03   6.70250485E-01   1.41608949E+00
    3384  7.16596029E+02  2.85212795E-01   1.31306788E-03   6.70260867E-01   1.41608865E+00
    3392  7.18626046E+02  2.85223088E-01   1.31293273E-03   6.70283828E-01   1.41608783E+00
    3400  7.20656063E+02  2.85235505E-01   1.31275608E-03   6.70313859E-01   1.41608702E+00
    3408  7.22686080E+02  2.85284796E-01   1.31242917E-03   6.70313859E-01   1.41608623E+00
    3416  7.24716098E+02  2.85298199E-01   1.31220130E-03   6.70355122E-01   1.41608544E+00
    3424  7.26746115E+02  2.85308394E-01   1.31197185E-03   6.70402073E-01   1.41608467E+00
    3432  7.28776132E+02  2.85317317E-01   1.31173923E-03   6.70451841E-01   1.41608389E+00
    3440  7.30806149E+02  2.85331070E-01   1.31149003E-03   6.70496840E-01   1.41608307E+00
    3448  7.32836166E+02  2.85387221E-01   1.31110734E-03   6.70496840E-01   1.41608223E+00
    3456  7.34866183E+02  2.85391699E-01   1.31090691E-03   6.70544371E-01   1.41608138E+00
    3464  7.36896200E+02  2.85394456E-01   1.31073289E-03   6.70586596E-01   1.41608052E+00
    3472  7.38926217E+02  2.85397095E-01   1.31058409E-03   6.70621220E-01   1.41607968E+00
    3480  7.40956234E+02  2.85401789E-01   1.31046040E-03   6.70644442E-01   1.41607884E+00
    3488  7.42986251E+02  2.85419862E-01   1.31032876E-03   6.70644442E-01   1.41607801E+00
    3496  7.45016268E+02  2.85411422E-01   1.31031667E-03   6.70660536E-01   1.41607719E+00
    3504  7.47046285E+02  2.85403778E-01   1.31033611E-03   6.70665800E-01   1.41607638E+00
    3512  7.49076303E+02  2.85397134E-01   1.31038610E-03   6.70660403E-01   1.41607557E+00
    3520  7.51106320E+02  2.85389426E-01   1.31047270E-03   6.70646982E-01   1.41607478E+00
    3528  7.53136337E+02  2.85361025E-01   1.31065659E-03   6.70646982E-01   1.41607399E+00
    3536  7.55166354E+02  2.85349187E-01   1.31080749E-03   6.70624113E-01   1.41607320E+00
    3544  7.57196371E+02  2.85339698E-01   1.31096823E-03   6.70594522E-01   1.41607242E+00
    3552  7.59226388E+02  2.85331850E-01   1.31113644E-03   6.70560282E-01   1.41607166E+00
    3560  7.61256405E+02  2.85321448E-01   1.31132032E-03   6.70527149E-01   1.41607090E+00
    3568  7.63286422E+02  2.85278334E-01   1.31161287E-03   6.70527149E-01   1.41607013E+00
    3576  7.65316439E+02  2.85273754E-01   1.31177581E-03   6.70489929E-01   1.41606935E+00
    3584  7.67346456E+02  2.85270324E-01   1.31192769E-03   6.70454323E-01   1.41606853E+00
    3592  7.69376473E+02  2.85267136E-01   1.31206728E-03   6.70422241E-01   1.41606767E+00
    3600  7.71406490E+02  2.85261361E-01   1.31219876E-03   6.70397680E-01   1.41606679E+00
    3608  7.73436507E+02  2.85236956E-01   1.31237037E-03   6.70397680E-01   1.41606592E+00
    3616  7.75466525E+02  2.85240657E-01   1.31242842E-03   6.70376405E-01   1.41606504E+00
    3624  7.77496542E+02  2.85244175E-01   1.31246335E-03   6.70362458E-01   1.41606418E+00
    3632  7.79526559E+02  2.85247171E-01   1.31247489E-03   6.70356353E-01   1.41606332E+00
    3640  7.81556576E+02  2.85250212E-01   1.31245969E-03   6.70357642E-01   1.41606248E+00
    3648  7.83586593E+02  2.85261235E-01   1.31239229E-03   6.70357642E-01   1.41606165E+00
    3656  7.85616610E+02  2.85270330E-01   1.31231017E-03   6.70366036E-01   1.41606083E+00
    3664  7.87646627E+02  2.85277956E-01   1.31221390E-03   6.70381019E-01   1.41606003E+00
    3672  7.89676644E+02  2.85284419E-01   1.31210542E-03   6.70401378E-01   1.41605922E+00
    3680  7.91706661E+02  2.85292593E-01   1.31197863E-03   6.70423204E-01   1.41605841E+00
    3688  7.93736678E+02  2.85324126E-01   1.31176711E-03   6.70423204E-01   1.41605760E+00
    3696  7.95766695E+02  2.85330001E-01   1.31163625E-03   6.70449738E-01   1.41605680E+00
    3704  7.97796712E+02  2.85334541E-01   1.31150969E-03   6.70477070E-01   1.41605600E+00
    3712  7.99826730E+02  2.85338380E-01   1.31138907E-03   6.70503604E-01   1.41605521E+00
    3720  8.01856747E+02  2.85344287E-01   1.31126935E-03   6.70525657E-01   1.41605443E+00
    3728  8.03886764E+02  2.85368904E-01   1.31109959E-03   6.70525657E-01   1.41605365E+00
    3736  8.05916781E+02  2.85368292E-01   1.31102463E-03   6.70546960E-01   1.41605287E+00
    3744  8.07946798E+02  2.85367600E-01   1.31096455E-03   6.70563808E-01   1.41605208E+00
    3752  8.09976815E+02  2.85367198E-01   1.31092007E-03   6.70575430E-01   1.41605129E+00
    3760  8.12006832E+02  2.85367479E-01   1.31089219E-03   6.70581013E-01   1.41605050E+00
    3768  8.14036849E+02  2.85368052E-01   1.31088325E-03   6.70581013E-01   1.41604972E+00
    3776  8.16066866E+02  2.85362509E-01   1.31091145E-03   6.70581780E-01   1.41604895E+00
    3784  8.18096883E+02  2.85357733E-01   1.31095419E-03   6.70576916E-01   1.41604819E+00
    3792  8.20126900E+02  2.85353555E-01   1.31101106E-03   6.70566949E-01   1.41604743E+00
    3800  8.22156917E+02  2.85348160E-01   1.31108676E-03   6.70554190E-01   1.41604669E+00
    3808  8.24186934E+02  2.85327210E-01   1.31122542E-03   6.70554190E-01   1.41604594E+00
    3816  8.26216952E+02  2.85321522E-01   1.31132130E-03   6.70536903E-01   1.41604518E+00
    3824  8.28246969E+02  2.85317120E-01   1.31141754E-03   6.70517462E-01   1.41604439E+00
    3832  8.30276986E+02  2.85313416E-01   1.31151341E-03   6.70497124E-01   1.41604357E+00
    3840  8.32307003E+02  2.85308127E-01   1.31161328E-03   6.70478986E-01   1.41604274E+00
    3848  8.34337020E+02  2.85286323E-01   1.31176273E-03   6.70478986E-01   1.41604190E+00
    3856  8.36367037E+02  2.85285621E-01   1.31183633E-03   6.70460140E-01   1.41604107E+00
    3864  8.38397054E+02  2.85285365E-01   1.31189983E-03   6.70443658E-01   1.41604024E+00
    3872  8.40427071E+02  2.85285080E-01   1.31195308E-03   6.70430365E-01   1.41603942E+00
    3880  8.42457088E+02  2.85283836E-01   1.31199702E-03   6.70421607E-01   1.41603861E+00
    3888  8.44487105E+02  2.85277563E-01   1.31204366E-03   6.70421607E-01   1.41603781E+00
    3896  8.46517122E+02  2.85281165E-01   1.31204513E-03   6.70415756E-01   1.41603701E+00
    3904  8.48547139E+02  2.85284308E-01   1.31203507E-03   6.70414139E-01   1.41603622E+00
    3912  8.50577157E+02  2.85286980E-01   1.31201368E-03   6.70416640E-01   1.41603544E+00
    3920  8.52607174E+02  2.85290095E-01   1.31197806E-03   6.70422202E-01   1.41603468E+00
    3928  8.54637191E+02  2.85301624E-01   1.31190329E-03   6.70422202E-01   1.41603393E+00
    3936  8.56667208E+02  2.85306460E-01   1.31184189E-03   6.70431476E-01   1.41603319E+00
    3944  8.58697225E+02  2.85310390E-01   1.31177665E-03   6.70443340E-01   1.41603246E+00
    3952  8.60727242E+02  2.85313727E-01   1.31170845E-03   6.70456968E-01   1.41603173E+00
    3960  8.62757259E+02  2.85318203E-01   1.31163363E-03   6.70470069E-01   1.41603101E+00
    3968  8.64787276E+02  2.85335477E-01   1.31151667E-03   6.70470069E-01   1.41603028E+00
    3976  8.66817293E+02  2.85337325E-01   1.31145235E-03   6.70484692E-01   1.41602954E+00
    3984  8.68847310E+02  2.85338548E-01   1.31139389E-03   6.70498549E-01   1.41602880E+00
    3992  8.70877327E+02  2.85339543E-01   1.31134151E-03   6.70510912E-01   1.41602804E+00
    4000  8.72907344E+02  2.85341477E-01   1.31129304E-03   6.70520290E-01   1.41602728E+00
    4008  8.74937361E+02  2.85350525E-01   1.31122947E-03   6.70520290E-01   1.41602653E+00
    4016  8.76967379E+02  2.85349062E-01   1.31120805E-03   6.70528380E-01   1.41602577E+00
    4024  8.78997396E+02  2.85347907E-01   1.31119406E-03   6.70533676E-01   1.41602501E+00
    4032  8.81027413E+02  2.85347201E-01   1.31118740E-03   6.70536008E-01   1.41602426E+00
    4040  8.83057430E+02  2.85346704E-01   1.31118954E-03   6.70535514E-01   1.41602350E+00
    4048  8.85087447E+02  2.85343205E-01   1.31121121E-03   6.70535514E-01   1.41602275E+00
    4056  8.87117464E+02  2.85340399E-01   1.31123882E-03   6.70532247E-01   1.41602201E+00
    4064  8.89147481E+02  2.85337952E-01   1.31127340E-03   6.70526319E-01   1.41602126E+00
    4072  8.91177498E+02  2.85335762E-01   1.31131443E-03   6.70518127E-01   1.41602053E+00
    4080  8.93207515E+02  2.85332600E-01   1.31136495E-03   6.70509202E-01   1.41601979E+00
    4088  8.95237532E+02  2.85319405E-01   1.31145311E-03   6.70509202E-01   1.41601906E+00
    4096  8.97267549E+02  2.85316553E-01   1.31150970E-03   6.70498234E-01   1.41601832E+00
    4104  8.99297566E+02  2.85314244E-01   1.31156504E-03   6.70486832E-01   1.41601758E+00
    4112  9.01327584E+02  2.85312249E-01   1.31161794E-03   6.70475745E-01   1.41601684E+00
    4120  9.03357601E+02  2.85309512E-01   1.31166972E-03   6.70466577E-01   1.41601609E+00
    4128  9.05387618E+02  2.85299330E-01   1.31174034E-03   6.70466577E-01   1.41601534E+00
    4136  9.07417635E+02  2.85299979E-01   1.31176905E-03   6.70457872E-01   1.41601460E+00
    4144  9.09447652E+02  2.85300911E-01   1.31178951E-03   6.70451174E-01   1.41601386E+00
    4152  9.11477669E+02  2.85301889E-01   1.31180196E-03   6.70446778E-01   1.41601312E+00
    4160  9.13507686E+02  2.85302718E-01   1.31180656E-03   6.70444877E-01   1.41601239E+00
    4168  9.15537703E+02  2.85303697E-01   1.31180265E-03   6.70444877E-01   1.41601167E+00
    4176  9.17567720E+02  2.85306479E-01   1.31178651E-03   6.70444971E-01   1.41601096E+00
    4184  9.19597737E+02  2.85308567E-01   1.31176709E-03   6.70447201E-01   1.41601025E+00
    4192  9.21627754E+02  2.85310033E-01   1.31174483E-03   6.70451314E-01   1.41600955E+00
    4200  9.23657771E+02  2.85311698E-01   1.31171734E-03   6.70456406E-01   1.41600886E+00
    4208  9.25687788E+02  2.85319407E-01   1.31166597E-03   6.70456406E-01   1.41600817E+00
    4216  9.27717806E+02  2.85321319E-01   1.31163028E-03   6.70463254E-01   1.41600749E+00
    4224  9.29747823E+02  2.85323117E-01   1.31159208E-03   6.70470999E-01   1.41600680E+00
    4232  9.31777840E+02  2.85325001E-01   1.31155152E-03   6.70479207E-01   1.41600612E+00
    4240  9.33807857E+02  2.85327848E-01   1.31150706E-03   6.70486612E-01   1.41600543E+00
    4248  9.35837874E+02  2.85337618E-01   1.31144110E-03   6.70486612E-01   1.41600472E+00
    4256  9.37867891E+02  2.85338664E-01   1.31140645E-03   6.70494357E-01   1.41600401E+00
    4264  9.39897908E+02  2.85339258E-01   1.31137758E-03   6.70501080E-01   1.41600329E+00
    4272  9.41927925E+02  2.85339543E-01   1.31135518E-03   6.70506366E-01   1.41600258E+00
    4280  9.43957942E+02  2.85339885E-01   1.31133909E-03   6.70509669E-01   1.41600186E+00
    4288  9.45987959E+02  2.85341682E-01   1.31132497E-03   6.70509669E-01   1.41600115E+00
    4296  9.48017976E+02  2.85339778E-01   1.31132855E-03   6.70511646E-01   1.41600045E+00
    4304  9.50047993E+02  2.85338206E-01   1.31133627E-03   6.70511844E-01   1.41599976E+00
    4312  9.52078011E+02  2.85337067E-01   1.31134717E-03   6.70510397E-01   1.41599907E+00
    4320  9.54108028E+02  2.85335987E-01   1.31136208E-03   6.70507821E-01   1.41599839E+00
    4328  9.56138045E+02  2.85331469E-01   1.31139198E-03   6.70507821E-01   1.41599771E+00
    4336  9.58168062E+02  2.85330077E-01   1.31141449E-03   6.70503828E-01   1.41599704E+00
    4344  9.60198079E+02  2.85328964E-01   1.31143874E-03   6.70498858E-01   1.41599637E+00
    4352  9.62228096E+02  2.85327952E-01   1.31146483E-03   6.70493211E-01   1.41599570E+00
    4360  9.64258113E+02  2.85326309E-01   1.31149457E-03   6.70487783E-01   1.41599504E+00
    4368  9.66288130E+02  2.85319173E-01   1.31154289E-03   6.70487783E-01   1.41599438E+00
    4376  9.68318147E+02  2.85318287E-01   1.31157023E-03   6.70481744E-01   1.41599372E+00
    4384  9.70348164E+02  2.85317607E-01   1.31159551E-03   6.70476026E-01   1.41599306E+00
    4392  9.72378181E+02  2.85317042E-01   1.31161806E-03   6.70470983E-01   1.41599242E+00
    4400  9.74408198E+02  2.85316204E-01   1.31163811E-03   6.70467247E-01   1.41599177E+00
    4408  9.76438215E+02  2.85312826E-01   1.31166232E-03   6.70467247E-01   1.41599113E+00
    4416  9.78468233E+02  2.85313825E-01   1.31166805E-03   6.70464202E-01   1.41599049E+00
    4424  9.80498250E+02  2.85314809E-01   1.31166960E-03   6.70462427E-01   1.41598984E+00
    4432  9.82528267E+02  2.85315704E-01   1.31166722E-03   6.70461956E-01   1.41598919E+00
    4440  9.84558284E+02  2.85316630E-01   1.31166053E-03   6.70462607E-01   1.41598853E+00
    4448  9.86588301E+02  2.85319153E-01   1.31164479E-03   6.70462607E-01   1.41598787E+00
    4456  9.88618318E+02  2.85320754E-01   1.31162920E-03   6.70464381E-01   1.41598720E+00
    4464  9.90648335E+02  2.85322006E-01   1.31161240E-03   6.70467091E-01   1.41598654E+00
    4472  9.92678352E+02  2.85322991E-01   1.31159462E-03   6.70470516E-01   1.41598589E+00
    4480  9.94708369E+02  2.85324198E-01   1.31157474E-03   6.70474036E-01   1.41598524E+00
    4488  9.96738386E+02  2.85329011E-01   1.31154229E-03   6.70474036E-01   1.41598459E+00
    4496  9.98768403E+02  2.85329676E-01   1.31152329E-03   6.70478202E-01   1.41598395E+00
    4504  1.00079842E+03  2.85330174E-01   1.31150502E-03   6.70482413E-01   1.41598332E+00
    4512  1.00282844E+03  2.85330654E-01   1.31148732E-03   6.70486462E-01   1.41598269E+00
    4520  1.00485845E+03  2.85331577E-01   1.31146907E-03   6.70489818E-01   1.41598206E+00
    4528  1.00688847E+03  2.85335478E-01   1.31144243E-03   6.70489818E-01   1.41598144E+00
    4536  1.00891849E+03  2.85335617E-01   1.31142972E-03   6.70493060E-01   1.41598082E+00
    4544  1.01094851E+03  2.85335780E-01   1.31141906E-03   6.70495613E-01   1.41598019E+00
    4552  1.01297852E+03  2.85335982E-01   1.31141088E-03   6.70497332E-01   1.41597956E+00
    4560  1.01500854E+03  2.85336215E-01   1.31140580E-03   6.70498079E-01   1.41597892E+00
    4568  1.01703856E+03  2.85336210E-01   1.31140506E-03   6.70498079E-01   1.41597827E+00
    4576  1.01906857E+03  2.85335212E-01   1.31141087E-03   6.70498001E-01   1.41597763E+00
    4584  1.02109859E+03  2.85334207E-01   1.31141993E-03   6.70496988E-01   1.41597699E+00
    4592  1.02312861E+03  2.85333225E-01   1.31143177E-03   6.70495155E-01   1.41597635E+00
    4601  1.02544396E+03  2.85331513E-01   1.31145005E-03   6.70492935E-01   1.41597563E+00
    4610  1.02775930E+03  2.85330052E-01   1.31146921E-03   6.70490087E-01   1.41597491E+00
    4619  1.03007464E+03  2.85325802E-01   1.31149788E-03   6.70490087E-01   1.41597420E+00
    4628  1.03238998E+03  2.85324878E-01   1.31151506E-03   6.70487043E-01   1.41597349E+00
    4637  1.03470532E+03  2.85324448E-01   1.31152923E-03   6.70484027E-01   1.41597279E+00
    4646  1.03702066E+03  2.85324101E-01   1.31154151E-03   6.70481460E-01   1.41597210E+00
    4655  1.03933600E+03  3.27444269E-02   1.31155039E-03   6.70478905E-01   1.41597142E+00
    4664  1.04139876E+03  2.85324639E-01   1.31155640E-03   6.70476707E-01   1.41597081E+00
    4673  1.04371410E+03  2.85324626E-01   1.31156348E-03   6.70474911E-01   1.41597014E+00
    4682  1.04602945E+03  2.85324247E-01   1.31157077E-03   6.70473661E-01   1.41596947E+00
    4691  1.04834478E+03  2.85323761E-01   1.31157749E-03   6.70472739E-01   1.41596882E+00
    4700  1.05066012E+03  2.85323135E-01   1.31158316E-03   6.70472370E-01   1.41596816E+00
    4709  1.05297546E+03  2.85322871E-01   1.31158508E-03   6.70472370E-01   1.41596751E+00
    4718  1.05529080E+03  2.85323315E-01   1.31158164E-03   6.70472647E-01   1.41596686E+00
    4726  1.05732082E+03  2.85324059E-01   1.31157433E-03   6.70473512E-01   1.41596628E+00
    4734  1.05935084E+03  2.85324917E-01   1.31156382E-03   6.70475144E-01   1.41596570E+00
    4742  1.06138087E+03  2.85325918E-01   1.31155021E-03   6.70477411E-01   1.41596512E+00
    4750  1.06341090E+03  2.85327030E-01   1.31153416E-03   6.70480146E-01   1.41596454E+00
    4758  1.06544092E+03  2.85331135E-01   1.31150709E-03   6.70480146E-01   1.41596396E+00
    4766  1.06747095E+03  2.85332573E-01   1.31148849E-03   6.70482827E-01   1.41596338E+00
    4774  1.06950098E+03  2.85333346E-01   1.31147289E-03   6.70485803E-01   1.41596281E+00
    4782  1.07153101E+03  2.85333834E-01   1.31145965E-03   6.70488529E-01   1.41596224E+00
    4790  1.07356103E+03  2.85334088E-01   1.31144918E-03   6.70490812E-01   1.41596167E+00
    4799  1.07587638E+03  3.26709268E-02   1.31143477E-03   6.70490812E-01   1.41596103E+00
    4808  1.07793907E+03  2.85335448E-01   1.31143237E-03   6.70492386E-01   1.41596047E+00
    4816  1.07996909E+03  2.85334486E-01   1.31143347E-03   6.70493568E-01   1.41595992E+00
    4825  1.08228444E+03  2.85333482E-01   1.31143680E-03   6.70494165E-01   1.41595930E+00
    4834  1.08459979E+03  2.85332495E-01   1.31144200E-03   6.70494253E-01   1.41595868E+00
    4843  1.08691513E+03  2.85331626E-01   1.31144802E-03   6.70493987E-01   1.41595807E+00
    4852  1.08923048E+03  2.85331028E-01   1.31145360E-03   6.70493423E-01   1.41595746E+00
    4861  1.09154582E+03  2.85330714E-01   1.31145827E-03   6.70492666E-01   1.41595685E+00
    4870  1.09386117E+03  2.85330653E-01   1.31146193E-03   6.70491780E-01   1.41595624E+00
    4878  1.09589119E+03  2.85329916E-01   1.31146721E-03   6.70491780E-01   1.41595570E+00
    4886  1.09792121E+03  2.85329953E-01   1.31147026E-03   6.70490887E-01   1.41595516E+00
    4895  1.10023655E+03  3.27060652E-02   1.31147465E-03   6.70489818E-01   1.41595454E+00
    4904  1.10229927E+03  2.85329756E-01   1.31147936E-03   6.70488655E-01   1.41595398E+00
    4912  1.10432929E+03  2.85329500E-01   1.31148514E-03   6.70487433E-01   1.41595343E+00
    4921  1.10664464E+03  2.85328735E-01   1.31149384E-03   6.70486322E-01   1.41595280E+00
    4930  1.10895998E+03  2.85327937E-01   1.31150290E-03   6.70485177E-01   1.41595216E+00
    4939  1.11127532E+03  2.85326240E-01   1.31151417E-03   6.70485177E-01   1.41595153E+00
    4948  1.11359066E+03  2.85325814E-01   1.31152030E-03   6.70484222E-01   1.41595090E+00
    4957  1.11590601E+03  2.85325632E-01   1.31152391E-03   6.70483577E-01   1.41595027E+00
    4966  1.11822135E+03  2.85325693E-01   1.31152461E-03   6.70483338E-01   1.41594965E+00
    4974  1.12025137E+03  2.85325921E-01   1.31152288E-03   6.70483499E-01   1.41594911E+00
    4982  1.12228138E+03  2.85326184E-01   1.31151937E-03   6.70484122E-01   1.41594857E+00
    4990  1.12431141E+03  2.85326467E-01   1.31151422E-03   6.70485175E-01   1.41594804E+00
    4998  1.12634143E+03  2.85328227E-01   1.31150264E-03   6.70485175E-01   1.41594751E+00
    5006  1.12837145E+03  2.85328955E-01   1.31149358E-03   6.70486441E-01   1.41594698E+00
    5014  1.13040147E+03  2.85329406E-01   1.31148486E-03   6.70488100E-01   1.41594645E+00
    5022  1.13243149E+03  2.85329747E-01   1.31147619E-03   6.70489915E-01   1.41594593E+00
    5030  1.13446152E+03  2.85329998E-01   1.31146783E-03   6.70491773E-01   1.41594542E+00
    5038  1.13649153E+03  2.85332016E-01   1.31145393E-03   6.70491773E-01   1.41594490E+00
    5046  1.13852155E+03  2.85332190E-01   1.31144665E-03   6.70493402E-01   1.41594440E+00
    5054  1.14055157E+03  2.85332046E-01   1.31144118E-03   6.70495085E-01   1.41594390E+00
    5062  1.14258159E+03  2.85331855E-01   1.31143663E-03   6.70496566E-01   1.41594341E+00
    5070  1.14461161E+03  2.85331657E-01   1.31143295E-03   6.70497811E-01   1.41594293E+00
    5079  1.14692696E+03  3.26918698E-02   1.31142567E-03   6.70497811E-01   1.41594239E+00
    5088  1.14898967E+03  2.85332350E-01   1.31142393E-03   6.70498715E-01   1.41594191E+00
    5097  1.15130502E+03  2.85332028E-01   1.31142280E-03   6.70499481E-01   1.41594138E+00
    5106  1.15362036E+03  2.85331732E-01   1.31142243E-03   6.70499998E-01   1.41594086E+00
    5115  1.15593571E+03  2.85331468E-01   1.31142274E-03   6.70500277E-01   1.41594034E+00
    5124  1.15825106E+03  2.85331233E-01   1.31142371E-03   6.70500338E-01   1.41593981E+00
    5133  1.16056641E+03  2.85330963E-01   1.31142554E-03   6.70500216E-01   1.41593928E+00
    5142  1.16288175E+03  2.85330661E-01   1.31142822E-03   6.70499916E-01   1.41593872E+00
    5151  1.16519710E+03  3.27045100E-02   1.31143170E-03   6.70499471E-01   1.41593811E+00
    5160  1.16725982E+03  2.85329984E-01   1.31143534E-03   6.70498981E-01   1.41593750E+00
    5168  1.16928984E+03  2.85329170E-01   1.31144065E-03   6.70498981E-01   1.41593681E+00
    5177  1.17160518E+03  2.85328744E-01   1.31144531E-03   6.70498391E-01   1.41593583E+00
    5186  1.17392053E+03  2.85328387E-01   1.31144958E-03   6.70497808E-01   1.41593459E+00
    5195  1.17623587E+03  2.85328117E-01   1.31145314E-03   6.70497291E-01   1.41593308E+00
    5204  1.17855122E+03  2.85327915E-01   1.31145580E-03   6.70496925E-01   1.41593135E+00
    5213  1.18086656E+03  2.85327847E-01   1.31145726E-03   6.70496666E-01   1.41592944E+00
    5222  1.18318191E+03  2.85327864E-01   1.31145757E-03   6.70496586E-01   1.41592742E+00
    5230  1.18521193E+03  2.85327898E-01   1.31145713E-03   6.70496690E-01   1.41592558E+00
    5238  1.18724194E+03  2.85328261E-01   1.31145479E-03   6.70496690E-01   1.41592370E+00
    5246  1.18927196E+03  2.85328461E-01   1.31145265E-03   6.70496937E-01   1.41592182E+00
    5254  1.19130198E+03  2.85328567E-01   1.31145047E-03   6.70497360E-01   1.41591993E+00
    5262  1.19333200E+03  2.85328617E-01   1.31144815E-03   6.70497916E-01   1.41591805E+00
    5270  1.19536202E+03  2.85328619E-01   1.31144575E-03   6.70498579E-01   1.41591618E+00
    5278  1.19739203E+03  2.85329385E-01   1.31144048E-03   6.70498579E-01   1.41591432E+00
    5286  1.19942205E+03  2.85329482E-01   1.31143734E-03   6.70499251E-01   1.41591248E+00
    5294  1.20145207E+03  2.85329460E-01   1.31143450E-03   6.70500055E-01   1.41591064E+00
    5302  1.20348209E+03  2.85329434E-01   1.31143156E-03   6.70500897E-01   1.41590880E+00
    5310  1.20551211E+03  2.85329420E-01   1.31142849E-03   6.70501751E-01   1.41590696E+00
    5319  1.20782746E+03  3.27074891E-02   1.31142135E-03   6.70501751E-01   1.41590485E+00
    5327  1.20985747E+03  3.27067587E-02   1.31141785E-03   6.70502511E-01   1.41590296E+00
    5335  1.21188749E+03  3.27048593E-02   1.31141489E-03   6.70503316E-01   1.41590102E+00
    5343  1.21391751E+03  3.27031409E-02   1.31141217E-03   6.70504046E-01   1.41589903E+00
    5351  1.21594753E+03  3.27018393E-02   1.31140980E-03   6.70504667E-01   1.41589700E+00
    5359  1.21797755E+03  3.27016985E-02   1.31140596E-03   6.70504667E-01   1.41589495E+00
    5368  1.22004027E+03  2.85330920E-01   1.31140499E-03   6.70505115E-01   1.41589286E+00
    5376  1.22207028E+03  2.85330647E-01   1.31140512E-03   6.70505475E-01   1.41589079E+00
    5385  1.22438563E+03  2.85330317E-01   1.31140605E-03   6.70505688E-01   1.41588844E+00
    5394  1.22670098E+03  2.85329910E-01   1.31140792E-03   6.70505776E-01   1.41588610E+00
    5403  1.22901632E+03  2.85329466E-01   1.31141038E-03   6.70505778E-01   1.41588378E+00
    5412  1.23133167E+03  2.85329012E-01   1.31141310E-03   6.70505744E-01   1.41588147E+00
    5421  1.23364701E+03  2.85328611E-01   1.31141552E-03   6.70505727E-01   1.41587919E+00
    5430  1.23596236E+03  2.85328310E-01   1.31141716E-03   6.70505781E-01   1.41587691E+00
    5439  1.23827770E+03  3.27188267E-02   1.31141669E-03   6.70505781E-01   1.41587466E+00
    5448  1.24034044E+03  2.85328483E-01   1.31141555E-03   6.70505923E-01   1.41587267E+00
    5456  1.24237045E+03  2.85328650E-01   1.31141359E-03   6.70506200E-01   1.41587072E+00
    5465  1.24468580E+03  2.85328982E-01   1.31141019E-03   6.70506593E-01   1.41586851E+00
    5473  1.24671582E+03  2.85329248E-01   1.31140689E-03   6.70507069E-01   1.41586659E+00
    5481  1.24874583E+03  2.85329566E-01   1.31140326E-03   6.70507527E-01   1.41586469E+00
    5489  1.25077585E+03  2.85330321E-01   1.31139820E-03   6.70507527E-01   1.41586281E+00
    5497  1.25280587E+03  2.85330382E-01   1.31139595E-03   6.70508016E-01   1.41586094E+00
    5506  1.25512122E+03  2.85330360E-01   1.31139433E-03   6.70508433E-01   1.41585885E+00
    5515  1.25743656E+03  2.85330172E-01   1.31139406E-03   6.70508750E-01   1.41585679E+00
    5524  1.25975191E+03  2.85329898E-01   1.31139477E-03   6.70508946E-01   1.41585475E+00
    5533  1.26206726E+03  2.85329543E-01   1.31139623E-03   6.70509085E-01   1.41585274E+00
    5542  1.26438260E+03  2.85329216E-01   1.31139776E-03   6.70509177E-01   1.41585076E+00
    5551  1.26669794E+03  3.27131432E-02   1.31139890E-03   6.70509267E-01   1.41584879E+00
    5560  1.26876067E+03  2.85328837E-01   1.31139931E-03   6.70509372E-01   1.41584704E+00
    5569  1.27107602E+03  2.85329017E-01   1.31139811E-03   6.70509372E-01   1.41584510E+00
    5577  1.27310604E+03  2.85329058E-01   1.31139725E-03   6.70509533E-01   1.41584340E+00
    5585  1.27513606E+03  2.85329119E-01   1.31139610E-03   6.70509746E-01   1.41584169E+00
    5593  1.27716607E+03  2.85329170E-01   1.31139483E-03   6.70510000E-01   1.41583998E+00
    5601  1.27919609E+03  2.85329233E-01   1.31139346E-03   6.70510254E-01   1.41583824E+00
    5609  1.28122611E+03  2.85329573E-01   1.31139109E-03   6.70510254E-01   1.41583649E+00
    5618  1.28354145E+03  2.85329548E-01   1.31139004E-03   6.70510547E-01   1.41583449E+00
    5627  1.28585680E+03  2.85329462E-01   1.31138934E-03   6.70510842E-01   1.41583248E+00
    5636  1.28817215E+03  2.85329342E-01   1.31138886E-03   6.70511138E-01   1.41583048E+00
    5645  1.29048749E+03  2.85329262E-01   1.31138822E-03   6.70511412E-01   1.41582849E+00
    5653  1.29251751E+03  2.85329127E-01   1.31138782E-03   6.70511736E-01   1.41582675E+00
    5661  1.29454753E+03  2.85329023E-01   1.31138715E-03   6.70512088E-01   1.41582503E+00
    5669  1.29657754E+03  2.85329399E-01   1.31138456E-03   6.70512088E-01   1.41582331E+00
    5678  1.29889289E+03  2.85329478E-01   1.31138261E-03   6.70512476E-01   1.41582138E+00
    5686  1.30092291E+03  2.85329583E-01   1.31138055E-03   6.70512854E-01   1.41581969E+00
    5694  1.30295293E+03  2.85329642E-01   1.31137857E-03   6.70513295E-01   1.41581802E+00
    5702  1.30498294E+03  2.85329702E-01   1.31137655E-03   6.70513735E-01   1.41581637E+00
    5710  1.30701296E+03  2.85329752E-01   1.31137465E-03   6.70514150E-01   1.41581473E+00
    5718  1.30904298E+03  2.85330201E-01   1.31137153E-03   6.70514150E-01   1.41581310E+00
    5726  1.31107300E+03  2.85330183E-01   1.31137031E-03   6.70514484E-01   1.41581148E+00
    5734  1.31310301E+03  2.85330064E-01   1.31136976E-03   6.70514797E-01   1.41580988E+00
    5743  1.31541836E+03  3.27068580E-02   1.31136953E-03   6.70515040E-01   1.41580806E+00
    5752  1.31748108E+03  2.85329739E-01   1.31136985E-03   6.70515219E-01   1.41580645E+00
    5761  1.31979643E+03  2.85329556E-01   1.31137036E-03   6.70515341E-01   1.41580464E+00
    5770  1.32211178E+03  2.85329343E-01   1.31137111E-03   6.70515455E-01   1.41580284E+00
    5779  1.32442712E+03  2.85329326E-01   1.31137104E-03   6.70515455E-01   1.41580104E+00
    5788  1.32674247E+03  2.85329183E-01   1.31137141E-03   6.70515571E-01   1.41579923E+00
    5797  1.32905782E+03  2.85329099E-01   1.31137134E-03   6.70515712E-01   1.41579741E+00
    5806  1.33137316E+03  2.85329100E-01   1.31137066E-03   6.70515878E-01   1.41579560E+00
    5814  1.33340318E+03  2.85329071E-01   1.31136996E-03   6.70516114E-01   1.41579401E+00
    5822  1.33543320E+03  2.85329056E-01   1.31136898E-03   6.70516408E-01   1.41579241E+00
    5830  1.33746321E+03  2.85329049E-01   1.31136776E-03   6.70516755E-01   1.41579082E+00
    5838  1.33949323E+03  2.85329492E-01   1.31136475E-03   6.70516755E-01   1.41578923E+00
    5846  1.34152325E+03  2.85329572E-01   1.31136293E-03   6.70517102E-01   1.41578764E+00
    5854  1.34355327E+03  2.85329588E-01   1.31136132E-03   6.70517501E-01   1.41578606E+00
    5862  1.34558328E+03  2.85329585E-01   1.31135976E-03   6.70517914E-01   1.41578447E+00
    5870  1.34761330E+03  2.85329563E-01   1.31135830E-03   6.70518328E-01   1.41578288E+00
    5879  1.34992865E+03  3.27084147E-02   1.31135490E-03   6.70518328E-01   1.41578107E+00
    5887  1.35195867E+03  3.27084096E-02   1.31135352E-03   6.70518693E-01   1.41577949E+00
    5895  1.35398868E+03  3.27079408E-02   1.31135252E-03   6.70519085E-01   1.41577790E+00
    5903  1.35601870E+03  3.27077542E-02   1.31135189E-03   6.70519456E-01   1.41577630E+00
    5912  1.35808143E+03  2.85329540E-01   1.31135204E-03   6.70519808E-01   1.41577468E+00
    5920  1.36011144E+03  2.85329250E-01   1.31135252E-03   6.70520125E-01   1.41577308E+00
    5929  1.36242679E+03  2.85329601E-01   1.31135017E-03   6.70520125E-01   1.41577126E+00
    5937  1.36445681E+03  2.85329830E-01   1.31134752E-03   6.70520512E-01   1.41576965E+00
    5945  1.36648682E+03  2.85330135E-01   1.31134411E-03   6.70520942E-01   1.41576804E+00
    5953  1.36851684E+03  2.85330301E-01   1.31134138E-03   6.70521376E-01   1.41576642E+00
    5961  1.37054686E+03  2.85330366E-01   1.31133950E-03   6.70521729E-01   1.41576480E+00
    5969  1.37257688E+03  2.85330697E-01   1.31133708E-03   6.70521729E-01   1.41576318E+00
    5978  1.37489222E+03  2.85330570E-01   1.31133650E-03   6.70522058E-01   1.41576134E+00
    5987  1.37720757E+03  2.85330418E-01   1.31133634E-03   6.70522314E-01   1.41575950E+00
    5996  1.37952292E+03  2.85330252E-01   1.31133650E-03   6.70522506E-01   1.41575767E+00
    6005  1.38183826E+03  2.85330110E-01   1.31133676E-03   6.70522636E-01   1.41575584E+00
    6014  1.38415361E+03  2.85329950E-01   1.31133720E-03   6.70522752E-01   1.41575403E+00
    6023  1.38646896E+03  3.27078387E-02   1.31133755E-03   6.70522855E-01   1.41575223E+00
    6032  1.38853168E+03  2.85329697E-01   1.31133780E-03   6.70522966E-01   1.41575063E+00
    6040  1.39056170E+03  2.85329623E-01   1.31133776E-03   6.70523087E-01   1.41574907E+00
    6049  1.39287705E+03  2.85329801E-01   1.31133651E-03   6.70523087E-01   1.41574730E+00
    6058  1.39519239E+03  2.85329815E-01   1.31133573E-03   6.70523257E-01   1.41574555E+00
    6067  1.39750774E+03  2.85329854E-01   1.31133465E-03   6.70523470E-01   1.41574381E+00
    6076  1.39982309E+03  2.85329898E-01   1.31133337E-03   6.70523728E-01   1.41574208E+00
    6084  1.40185310E+03  2.85329930E-01   1.31133213E-03   6.70523995E-01   1.41574057E+00
    6092  1.40388312E+03  2.85329896E-01   1.31133107E-03   6.70524326E-01   1.41573907E+00
    6100  1.40591314E+03  2.85329847E-01   1.31133002E-03   6.70524685E-01   1.41573757E+00
    6109  1.40822849E+03  2.85330271E-01   1.31132702E-03   6.70524685E-01   1.41573587E+00
    6118  1.41054383E+03  2.85330267E-01   1.31132553E-03   6.70525070E-01   1.41573417E+00
    6127  1.41285918E+03  3.27064998E-02   1.31132374E-03   6.70525438E-01   1.41573247E+00
    6135  1.41488920E+03  3.27060593E-02   1.31132251E-03   6.70525872E-01   1.41573098E+00
    6143  1.41691922E+03  3.27055351E-02   1.31132120E-03   6.70526332E-01   1.41572949E+00
    6151  1.41894923E+03  3.27049259E-02   1.31131980E-03   6.70526817E-01   1.41572800E+00
    6159  1.42097925E+03  3.27047883E-02   1.31131634E-03   6.70526817E-01   1.41572650E+00
    6167  1.42300927E+03  3.27047198E-02   1.31131442E-03   6.70527274E-01   1.41572501E+00
    6175  1.42503929E+03  3.27038754E-02   1.31131267E-03   6.70527802E-01   1.41572351E+00
    6183  1.42706930E+03  3.27028637E-02   1.31131075E-03   6.70528341E-01   1.41572202E+00
    6191  1.42909932E+03  3.27016617E-02   1.31130862E-03   6.70528883E-01   1.41572052E+00
    6199  1.43112934E+03  3.27008471E-02   1.31130431E-03   6.70528883E-01   1.41571903E+00
    6207  1.43315936E+03  3.26999510E-02   1.31130172E-03   6.70529361E-01   1.41571754E+00
    6215  1.43518938E+03  3.26982594E-02   1.31129950E-03   6.70529863E-01   1.41571605E+00
    6223  1.43721940E+03  3.26967169E-02   1.31129748E-03   6.70530308E-01   1.41571456E+00
    6231  1.43924941E+03  3.26955659E-02   1.31129580E-03   6.70530671E-01   1.41571308E+00
    6239  1.44127943E+03  3.26952879E-02   1.31129351E-03   6.70530671E-01   1.41571161E+00
    6248  1.44334214E+03  2.85331765E-01   1.31129309E-03   6.70530912E-01   1.41571011E+00
    6256  1.44537216E+03  2.85331593E-01   1.31129340E-03   6.70531083E-01   1.41570865E+00
    6265  1.44768751E+03  2.85331404E-01   1.31129416E-03   6.70531154E-01   1.41570698E+00
    6274  1.45000286E+03  2.85331209E-01   1.31129527E-03   6.70531144E-01   1.41570531E+00
    6283  1.45231821E+03  2.85331037E-01   1.31129646E-03   6.70531088E-01   1.41570365E+00
    6292  1.45463355E+03  2.85330897E-01   1.31129759E-03   6.70531002E-01   1.41570199E+00
    6301  1.45694890E+03  2.85330800E-01   1.31129849E-03   6.70530916E-01   1.41570034E+00
    6310  1.45926425E+03  2.85330739E-01   1.31129911E-03   6.70530852E-01   1.41569869E+00
    6319  1.46157960E+03  3.27020029E-02   1.31129927E-03   6.70530852E-01   1.41569705E+00
    6328  1.46364231E+03  2.85330745E-01   1.31129921E-03   6.70530825E-01   1.41569560E+00
    6337  1.46595766E+03  2.85330774E-01   1.31129896E-03   6.70530841E-01   1.41569398E+00
    6345  1.46798768E+03  2.85330795E-01   1.31129859E-03   6.70530911E-01   1.41569256E+00
    6353  1.47001770E+03  2.85330808E-01   1.31129806E-03   6.70531040E-01   1.41569115E+00
    6361  1.47204771E+03  2.85330847E-01   1.31129723E-03   6.70531210E-01   1.41568974E+00
    6369  1.47407773E+03  2.85331140E-01   1.31129529E-03   6.70531210E-01   1.41568834E+00
    6377  1.47610775E+03  2.85331200E-01   1.31129404E-03   6.70531457E-01   1.41568694E+00
    6385  1.47813777E+03  2.85331252E-01   1.31129263E-03   6.70531760E-01   1.41568555E+00
    6393  1.48016778E+03  2.85331299E-01   1.31129109E-03   6.70532114E-01   1.41568416E+00
    6401  1.48219780E+03  2.85331391E-01   1.31128924E-03   6.70532468E-01   1.41568277E+00
    6409  1.48422782E+03  2.85331893E-01   1.31128586E-03   6.70532468E-01   1.41568139E+00
    6417  1.48625783E+03  2.85331950E-01   1.31128399E-03   6.70532891E-01   1.41568001E+00
    6425  1.48828785E+03  2.85331999E-01   1.31128210E-03   6.70533330E-01   1.41567863E+00
    6433  1.49031787E+03  2.85332044E-01   1.31128021E-03   6.70533770E-01   1.41567725E+00
    6441  1.49234789E+03  2.85332142E-01   1.31127817E-03   6.70534158E-01   1.41567588E+00
    6449  1.49437790E+03  2.85332632E-01   1.31127484E-03   6.70534158E-01   1.41567451E+00
    6457  1.49640792E+03  2.85332638E-01   1.31127330E-03   6.70534566E-01   1.41567315E+00
    6465  1.49843794E+03  2.85332638E-01   1.31127193E-03   6.70534936E-01   1.41567179E+00
    6473  1.50046795E+03  2.85332638E-01   1.31127071E-03   6.70535259E-01   1.41567043E+00
    6481  1.50249797E+03  2.85332672E-01   1.31126954E-03   6.70535505E-01   1.41566908E+00
    6489  1.50452799E+03  2.85332928E-01   1.31126776E-03   6.70535505E-01   1.41566772E+00
    6498  1.50684334E+03  2.85332893E-01   1.31126711E-03   6.70535728E-01   1.41566619E+00
    6507  1.50915869E+03  2.85332856E-01   1.31126668E-03   6.70535896E-01   1.41566465E+00
    6516  1.51147404E+03  2.85332822E-01   1.31126641E-03   6.70536016E-01   1.41566312E+00
    6525  1.51378939E+03  2.85332809E-01   1.31126620E-03   6.70536088E-01   1.41566160E+00
    6533  1.51581941E+03  2.85332776E-01   1.31126620E-03   6.70536137E-01   1.41566027E+00
    6542  1.51813476E+03  2.85332760E-01   1.31126618E-03   6.70536161E-01   1.41565876E+00
    6551  1.52045011E+03  3.26876808E-02   1.31126619E-03   6.70536171E-01   1.41565725E+00
    6560  1.52251281E+03  2.85332751E-01   1.31126618E-03   6.70536176E-01   1.41565592E+00
    6568  1.52454283E+03  2.85332785E-01   1.31126598E-03   6.70536176E-01   1.41565461E+00
    6577  1.52685818E+03  2.85332789E-01   1.31126592E-03   6.70536185E-01   1.41565313E+00
    6585  1.52888819E+03  2.85332795E-01   1.31126582E-03   6.70536206E-01   1.41565183E+00
    6593  1.53091821E+03  2.85332803E-01   1.31126564E-03   6.70536247E-01   1.41565054E+00
    6601  1.53294823E+03  2.85332825E-01   1.31126532E-03   6.70536308E-01   1.41564926E+00
    6609  1.53497825E+03  2.85332959E-01   1.31126446E-03   6.70536308E-01   1.41564798E+00
    6617  1.53700826E+03  2.85332995E-01   1.31126390E-03   6.70536406E-01   1.41564670E+00
    6625  1.53903828E+03  2.85333034E-01   1.31126321E-03   6.70536540E-01   1.41564542E+00
    6633  1.54106830E+03  2.85333071E-01   1.31126239E-03   6.70536711E-01   1.41564414E+00
    6641  1.54309831E+03  2.85333137E-01   1.31126134E-03   6.70536899E-01   1.41564287E+00
    6649  1.54512833E+03  2.85333445E-01   1.31125932E-03   6.70536899E-01   1.41564160E+00
    6657  1.54715835E+03  2.85333508E-01   1.31125807E-03   6.70537141E-01   1.41564033E+00
    6665  1.54918837E+03  2.85333567E-01   1.31125676E-03   6.70537412E-01   1.41563906E+00
    6673  1.55121838E+03  2.85333622E-01   1.31125538E-03   6.70537707E-01   1.41563779E+00
    6681  1.55324840E+03  2.85333713E-01   1.31125381E-03   6.70537986E-01   1.41563653E+00
    6689  1.55527842E+03  2.85334111E-01   1.31125116E-03   6.70537986E-01   1.41563527E+00
    6697  1.55730843E+03  2.85334155E-01   1.31124975E-03   6.70538305E-01   1.41563402E+00
    6705  1.55933845E+03  2.85334194E-01   1.31124837E-03   6.70538622E-01   1.41563278E+00
    6713  1.56136847E+03  2.85334230E-01   1.31124703E-03   6.70538930E-01   1.41563153E+00
    6721  1.56339849E+03  2.85334302E-01   1.31124561E-03   6.70539193E-01   1.41563030E+00
    6729  1.56542850E+03  2.85334639E-01   1.31124334E-03   6.70539193E-01   1.41562907E+00
    6737  1.56745852E+03  2.85334644E-01   1.31124232E-03   6.70539467E-01   1.41562784E+00
    6745  1.56948854E+03  2.85334652E-01   1.31124138E-03   6.70539712E-01   1.41562662E+00
    6753  1.57151855E+03  2.85334664E-01   1.31124051E-03   6.70539929E-01   1.41562541E+00
    6761  1.57354857E+03  2.85334705E-01   1.31123962E-03   6.70540097E-01   1.41562421E+00
    6769  1.57557859E+03  2.85334912E-01   1.31123823E-03   6.70540097E-01   1.41562300E+00
    6778  1.57789394E+03  2.85334923E-01   1.31123757E-03   6.70540258E-01   1.41562164E+00
    6787  1.58020929E+03  2.85334936E-01   1.31123700E-03   6.70540389E-01   1.41562029E+00
    6795  1.58223931E+03  2.85334933E-01   1.31123664E-03   6.70540495E-01   1.41561910E+00
    6803  1.58426933E+03  2.85334952E-01   1.31123624E-03   6.70540572E-01   1.41561792E+00
    6811  1.58629934E+03  2.85334954E-01   1.31123596E-03   6.70540644E-01   1.41561675E+00
    6819  1.58832936E+03  2.85335049E-01   1.31123535E-03   6.70540644E-01   1.41561558E+00
    6827  1.59035938E+03  2.85335051E-01   1.31123512E-03   6.70540705E-01   1.41561442E+00
    6835  1.59238940E+03  2.85335059E-01   1.31123488E-03   6.70540763E-01   1.41561326E+00
    6843  1.59441941E+03  2.85335083E-01   1.31123455E-03   6.70540816E-01   1.41561210E+00
    6851  1.59644943E+03  2.85335092E-01   1.31123427E-03   6.70540885E-01   1.41561095E+00
    6859  1.59847945E+03  2.85335212E-01   1.31123350E-03   6.70540885E-01   1.41560980E+00
    6867  1.60050946E+03  2.85335241E-01   1.31123305E-03   6.70540967E-01   1.41560865E+00
    6875  1.60253948E+03  2.85335272E-01   1.31123252E-03   6.70541068E-01   1.41560751E+00
    6883  1.60456950E+03  2.85335323E-01   1.31123183E-03   6.70541179E-01   1.41560637E+00
    6891  1.60659952E+03  2.85335352E-01   1.31123116E-03   6.70541326E-01   1.41560523E+00
    6899  1.60862953E+03  2.85335579E-01   1.31122968E-03   6.70541326E-01   1.41560410E+00
    6907  1.61065955E+03  2.85335634E-01   1.31122875E-03   6.70541498E-01   1.41560296E+00
    6915  1.61268957E+03  2.85335685E-01   1.31122775E-03   6.70541695E-01   1.41560183E+00
    6923  1.61471959E+03  2.85335766E-01   1.31122657E-03   6.70541892E-01   1.41560070E+00
    6931  1.61674960E+03  2.85335812E-01   1.31122546E-03   6.70542130E-01   1.41559958E+00
    6939  1.61877962E+03  2.85336135E-01   1.31122332E-03   6.70542130E-01   1.41559846E+00
    6947  1.62080964E+03  2.85336190E-01   1.31122209E-03   6.70542382E-01   1.41559734E+00
    6955  1.62283966E+03  2.85336240E-01   1.31122086E-03   6.70542643E-01   1.41559623E+00
    6963  1.62486967E+03  2.85336323E-01   1.31121950E-03   6.70542881E-01   1.41559512E+00
    6971  1.62689969E+03  2.85336366E-01   1.31121830E-03   6.70543144E-01   1.41559401E+00
    6979  1.62892971E+03  2.85336689E-01   1.31121614E-03   6.70543144E-01   1.41559292E+00
    6987  1.63095973E+03  2.85336718E-01   1.31121506E-03   6.70543398E-01   1.41559182E+00
    6995  1.63298974E+03  2.85336745E-01   1.31121403E-03   6.70543639E-01   1.41559073E+00
    7003  1.63501976E+03  2.85336801E-01   1.31121294E-03   6.70543842E-01   1.41558965E+00
    7011  1.63704978E+03  2.85336824E-01   1.31121204E-03   6.70544051E-01   1.41558857E+00
    7019  1.63907979E+03  2.85337061E-01   1.31121045E-03   6.70544051E-01   1.41558750E+00
    7027  1.64110981E+03  2.85337065E-01   1.31120976E-03   6.70544239E-01   1.41558643E+00
    7035  1.64313983E+03  2.85337070E-01   1.31120912E-03   6.70544406E-01   1.41558537E+00
    7043  1.64516985E+03  2.85337101E-01   1.31120843E-03   6.70544541E-01   1.41558431E+00
    7051  1.64719986E+03  2.85337108E-01   1.31120789E-03   6.70544678E-01   1.41558325E+00
    7059  1.64922988E+03  2.85337269E-01   1.31120683E-03   6.70544678E-01   1.41558220E+00
    7067  1.65125990E+03  2.85337274E-01   1.31120637E-03   6.70544802E-01   1.41558114E+00
    7075  1.65328991E+03  2.85337285E-01   1.31120589E-03   6.70544919E-01   1.41558009E+00
    7083  1.65531993E+03  2.85337322E-01   1.31120531E-03   6.70545021E-01   1.41557904E+00
    7091  1.65734995E+03  2.85337341E-01   1.31120480E-03   6.70545136E-01   1.41557799E+00
    7099  1.65937997E+03  2.85337510E-01   1.31120371E-03   6.70545136E-01   1.41557694E+00
    7107  1.66140998E+03  2.85337547E-01   1.31120308E-03   6.70545253E-01   1.41557588E+00
    7115  1.66344000E+03  2.85337589E-01   1.31120241E-03   6.70545377E-01   1.41557483E+00
    7123  1.66547002E+03  2.85337656E-01   1.31120160E-03   6.70545493E-01   1.41557378E+00
    7131  1.66750004E+03  2.85337701E-01   1.31120086E-03   6.70545630E-01   1.41557273E+00
    7139  1.66953005E+03  2.85337912E-01   1.31119949E-03   6.70545630E-01   1.41557169E+00
    7147  1.67156007E+03  2.85337960E-01   1.31119872E-03   6.70545771E-01   1.41557064E+00
    7155  1.67359009E+03  2.85338002E-01   1.31119796E-03   6.70545915E-01   1.41556960E+00
    7163  1.67562011E+03  2.85338061E-01   1.31119713E-03   6.70546047E-01   1.41556857E+00
    7171  1.67765012E+03  2.85338089E-01   1.31119644E-03   6.70546195E-01   1.41556753E+00
    7179  1.67968014E+03  2.85338289E-01   1.31119513E-03   6.70546195E-01   1.41556651E+00
    7187  1.68171016E+03  2.85338315E-01   1.31119445E-03   6.70546345E-01   1.41556548E+00
    7195  1.68374017E+03  2.85338342E-01   1.31119376E-03   6.70546496E-01   1.41556446E+00
    7203  1.68577019E+03  2.85338396E-01   1.31119294E-03   6.70546636E-01   1.41556345E+00
    7211  1.68780021E+03  2.85338426E-01   1.31119219E-03   6.70546797E-01   1.41556244E+00
    7219  1.68983023E+03  2.85338653E-01   1.31119071E-03   6.70546797E-01   1.41556144E+00
    7227  1.69186024E+03  2.85338695E-01   1.31118988E-03   6.70546962E-01   1.41556044E+00
    7235  1.69389026E+03  2.85338735E-01   1.31118905E-03   6.70547130E-01   1.41555945E+00
    7243  1.69592028E+03  2.85338793E-01   1.31118813E-03   6.70547285E-01   1.41555846E+00
    7251  1.69795030E+03  2.85338813E-01   1.31118739E-03   6.70547459E-01   1.41555748E+00
    7259  1.69998031E+03  2.85339024E-01   1.31118598E-03   6.70547459E-01   1.41555650E+00
    7267  1.70201033E+03  2.85339026E-01   1.31118534E-03   6.70547634E-01   1.41555552E+00
    7276  1.70432569E+03  2.85339053E-01   1.31118452E-03   6.70547813E-01   1.41555442E+00
    7284  1.70635570E+03  2.85339084E-01   1.31118372E-03   6.70547982E-01   1.41555345E+00
    7292  1.70838572E+03  2.85339096E-01   1.31118295E-03   6.70548181E-01   1.41555248E+00
    7300  1.71041574E+03  2.85339130E-01   1.31118202E-03   6.70548394E-01   1.41555152E+00
    7308  1.71244576E+03  2.85339435E-01   1.31118004E-03   6.70548394E-01   1.41555055E+00
    7316  1.71447577E+03  2.85339516E-01   1.31117876E-03   6.70548619E-01   1.41554959E+00
    7324  1.71650579E+03  2.85339635E-01   1.31117729E-03   6.70548828E-01   1.41554862E+00
    7332  1.71853581E+03  2.85339714E-01   1.31117598E-03   6.70549059E-01   1.41554766E+00
    7340  1.72056583E+03  2.85339785E-01   1.31117476E-03   6.70549277E-01   1.41554670E+00
    7348  1.72259584E+03  2.85340056E-01   1.31117294E-03   6.70549277E-01   1.41554573E+00
    7356  1.72462586E+03  2.85340052E-01   1.31117223E-03   6.70549474E-01   1.41554477E+00
    7364  1.72665588E+03  2.85340047E-01   1.31117166E-03   6.70549630E-01   1.41554381E+00
    7372  1.72868590E+03  2.85339994E-01   1.31117140E-03   6.70549783E-01   1.41554285E+00
    7380  1.73071591E+03  2.85339936E-01   1.31117123E-03   6.70549922E-01   1.41554189E+00
    7389  1.73303127E+03  2.85340066E-01   1.31117033E-03   6.70549922E-01   1.41554081E+00
    7398  1.73534663E+03  2.85340069E-01   1.31116982E-03   6.70550060E-01   1.41553972E+00
    7406  1.73737664E+03  2.85340115E-01   1.31116908E-03   6.70550194E-01   1.41553878E+00
    7414  1.73940666E+03  2.85340168E-01   1.31116819E-03   6.70550362E-01   1.41553783E+00
    7422  1.74143668E+03  2.85340250E-01   1.31116707E-03   6.70550549E-01   1.41553689E+00
    7430  1.74346670E+03  2.85340346E-01   1.31116579E-03   6.70550750E-01   1.41553596E+00
    7438  1.74549671E+03  2.85340676E-01   1.31116364E-03   6.70550750E-01   1.41553503E+00
    7446  1.74752673E+03  2.85340779E-01   1.31116234E-03   6.70550935E-01   1.41553410E+00
    7454  1.74955675E+03  2.85340808E-01   1.31116141E-03   6.70551134E-01   1.41553317E+00
    7462  1.75158677E+03  2.85340803E-01   1.31116073E-03   6.70551318E-01   1.41553225E+00
    7470  1.75361679E+03  2.85340765E-01   1.31116032E-03   6.70551487E-01   1.41553133E+00
    7479  1.75593214E+03  3.26312120E-02   1.31115930E-03   6.70551487E-01   1.41553029E+00
    7488  1.75799479E+03  2.85340858E-01   1.31115905E-03   6.70551631E-01   1.41552936E+00
    7496  1.76002481E+03  2.85340800E-01   1.31115881E-03   6.70551795E-01   1.41552845E+00
    7505  1.76234017E+03  2.85340807E-01   1.31115812E-03   6.70551977E-01   1.41552741E+00
    7513  1.76437018E+03  2.85340831E-01   1.31115727E-03   6.70552188E-01   1.41552651E+00
    7521  1.76640020E+03  2.85340927E-01   1.31115594E-03   6.70552407E-01   1.41552561E+00
    7529  1.76843022E+03  2.85341324E-01   1.31115337E-03   6.70552407E-01   1.41552471E+00
    7537  1.77046024E+03  2.85341450E-01   1.31115166E-03   6.70552678E-01   1.41552381E+00
    7545  1.77249025E+03  2.85341564E-01   1.31114995E-03   6.70552963E-01   1.41552292E+00
    7553  1.77452027E+03  2.85341658E-01   1.31114835E-03   6.70553245E-01   1.41552203E+00
    7561  1.77655029E+03  2.85341758E-01   1.31114684E-03   6.70553483E-01   1.41552115E+00
    7569  1.77858030E+03  2.85342060E-01   1.31114478E-03   6.70553483E-01   1.41552027E+00
    7578  1.78089566E+03  2.85342049E-01   1.31114393E-03   6.70553720E-01   1.41551927E+00
    7587  1.78321102E+03  2.85342001E-01   1.31114343E-03   6.70553923E-01   1.41551828E+00
    7596  1.78552638E+03  2.85341943E-01   1.31114312E-03   6.70554095E-01   1.41551729E+00
    7605  1.78784174E+03  2.85341920E-01   1.31114272E-03   6.70554232E-01   1.41551631E+00
    7613  1.78987176E+03  2.85341879E-01   1.31114245E-03   6.70554379E-01   1.41551545E+00
    7621  1.79190177E+03  2.85341870E-01   1.31114198E-03   6.70554529E-01   1.41551459E+00
    7629  1.79393179E+03  2.85342081E-01   1.31114061E-03   6.70554529E-01   1.41551374E+00
    7637  1.79596181E+03  2.85342137E-01   1.31113971E-03   6.70554690E-01   1.41551289E+00
    7645  1.79799183E+03  2.85342229E-01   1.31113860E-03   6.70554846E-01   1.41551204E+00
    7653  1.80002184E+03  2.85342296E-01   1.31113757E-03   6.70555014E-01   1.41551118E+00
    7661  1.80205186E+03  2.85342360E-01   1.31113656E-03   6.70555179E-01   1.41551033E+00
    7669  1.80408188E+03  2.85342589E-01   1.31113500E-03   6.70555179E-01   1.41550949E+00
    7678  1.80639724E+03  2.85342497E-01   1.31113483E-03   6.70555340E-01   1.41550852E+00
    7687  1.80871260E+03  3.26206054E-02   1.31113476E-03   6.70555480E-01   1.41550755E+00
    7695  1.81074262E+03  3.26203078E-02   1.31113364E-03   6.70555649E-01   1.41550671E+00
    7703  1.81277263E+03  3.26190928E-02   1.31113239E-03   6.70555843E-01   1.41550587E+00
    7711  1.81480265E+03  3.26183254E-02   1.31113163E-03   6.70556056E-01   1.41550503E+00
    7719  1.81683267E+03  3.26181506E-02   1.31112992E-03   6.70556056E-01   1.41550420E+00
    7727  1.81886269E+03  3.26178980E-02   1.31112880E-03   6.70556262E-01   1.41550336E+00
    7735  1.82089270E+03  3.26172242E-02   1.31112772E-03   6.70556510E-01   1.41550253E+00
    7743  1.82292272E+03  3.26163929E-02   1.31112651E-03   6.70556777E-01   1.41550171E+00
    7751  1.82495274E+03  3.26154656E-02   1.31112523E-03   6.70557061E-01   1.41550088E+00
    7759  1.82698276E+03  3.26148343E-02   1.31112274E-03   6.70557061E-01   1.41550006E+00
    7767  1.82901277E+03  3.26143002E-02   1.31112128E-03   6.70557326E-01   1.41549925E+00
    7775  1.83104279E+03  3.26134686E-02   1.31112008E-03   6.70557626E-01   1.41549844E+00
    7783  1.83307281E+03  3.26126817E-02   1.31111890E-03   6.70557925E-01   1.41549762E+00
    7791  1.83510283E+03  3.26119607E-02   1.31111778E-03   6.70558219E-01   1.41549682E+00
    7799  1.83713285E+03  3.26116173E-02   1.31111550E-03   6.70558219E-01   1.41549601E+00
    7807  1.83916286E+03  3.26113468E-02   1.31111430E-03   6.70558479E-01   1.41549521E+00
    7815  1.84119288E+03  3.26107369E-02   1.31111331E-03   6.70558761E-01   1.41549441E+00
    7823  1.84322290E+03  3.26101213E-02   1.31111230E-03   6.70559035E-01   1.41549362E+00
    7831  1.84525292E+03  3.26095138E-02   1.31111130E-03   6.70559300E-01   1.41549283E+00
    7839  1.84728293E+03  3.26092263E-02   1.31110923E-03   6.70559300E-01   1.41549204E+00
    7847  1.84931295E+03  3.26090195E-02   1.31110821E-03   6.70559531E-01   1.41549126E+00
    7855  1.85134297E+03  3.26085793E-02   1.31110747E-03   6.70559781E-01   1.41549048E+00
    7863  1.85337299E+03  3.26082307E-02   1.31110678E-03   6.70560024E-01   1.41548970E+00
    7871  1.85540300E+03  3.26079641E-02   1.31110615E-03   6.70560264E-01   1.41548893E+00
    7880  1.85746563E+03  2.85344037E-01   1.31110537E-03   6.70560486E-01   1.41548815E+00
    7888  1.85949565E+03  2.85344290E-01   1.31110361E-03   6.70560486E-01   1.41548738E+00
    7897  1.86181101E+03  2.85344302E-01   1.31110255E-03   6.70560745E-01   1.41548651E+00
    7906  1.86412637E+03  2.85344351E-01   1.31110121E-03   6.70561023E-01   1.41548565E+00
    7914  1.86615639E+03  2.85344380E-01   1.31109995E-03   6.70561324E-01   1.41548490E+00
    7922  1.86818640E+03  2.85344476E-01   1.31109831E-03   6.70561615E-01   1.41548414E+00
    7930  1.87021642E+03  2.85344544E-01   1.31109668E-03   6.70561953E-01   1.41548339E+00
    7938  1.87224644E+03  2.85345010E-01   1.31109359E-03   6.70561953E-01   1.41548265E+00
    7946  1.87427645E+03  2.85345099E-01   1.31109181E-03   6.70562294E-01   1.41548190E+00
    7954  1.87630647E+03  2.85345186E-01   1.31109008E-03   6.70562622E-01   1.41548115E+00
    7962  1.87833649E+03  2.85345307E-01   1.31108831E-03   6.70562893E-01   1.41548040E+00
    7970  1.88036651E+03  2.85345371E-01   1.31108691E-03   6.70563153E-01   1.41547966E+00
    7978  1.88239652E+03  2.85345666E-01   1.31108489E-03   6.70563153E-01   1.41547891E+00
    7987  1.88471189E+03  2.85345664E-01   1.31108408E-03   6.70563359E-01   1.41547806E+00
    7996  1.88702725E+03  2.85345619E-01   1.31108373E-03   6.70563504E-01   1.41547721E+00
    8005  1.88934261E+03  2.85345550E-01   1.31108375E-03   6.70563587E-01   1.41547636E+00
    8014  1.89165797E+03  2.85345422E-01   1.31108425E-03   6.70563636E-01   1.41547552E+00
    8023  1.89397334E+03  3.25995627E-02   1.31108494E-03   6.70563657E-01   1.41547468E+00
    8032  1.89603595E+03  2.85345154E-01   1.31108562E-03   6.70563675E-01   1.41547393E+00
    8040  1.89806597E+03  2.85345049E-01   1.31108612E-03   6.70563710E-01   1.41547320E+00
    8049  1.90038133E+03  2.85345085E-01   1.31108584E-03   6.70563710E-01   1.41547237E+00
    8058  1.90269669E+03  2.85345096E-01   1.31108546E-03   6.70563793E-01   1.41547155E+00
    8066  1.90472671E+03  2.85345133E-01   1.31108472E-03   6.70563940E-01   1.41547083E+00
    8074  1.90675673E+03  2.85345190E-01   1.31108360E-03   6.70564161E-01   1.41547011E+00
    8082  1.90878675E+03  2.85345303E-01   1.31108199E-03   6.70564424E-01   1.41546939E+00
    8090  1.91081676E+03  2.85345375E-01   1.31108029E-03   6.70564780E-01   1.41546868E+00
    8098  1.91284678E+03  2.85345900E-01   1.31107681E-03   6.70564780E-01   1.41546798E+00
    8106  1.91487680E+03  2.85345996E-01   1.31107473E-03   6.70565187E-01   1.41546727E+00
    8114  1.91690682E+03  2.85346066E-01   1.31107269E-03   6.70565627E-01   1.41546657E+00
    8122  1.91893683E+03  2.85346172E-01   1.31107050E-03   6.70566038E-01   1.41546587E+00
    8130  1.92096685E+03  2.85346197E-01   1.31106864E-03   6.70566496E-01   1.41546518E+00
    8138  1.92299687E+03  2.85346701E-01   1.31106518E-03   6.70566496E-01   1.41546449E+00
    8147  1.92531223E+03  2.85346748E-01   1.31106317E-03   6.70566941E-01   1.41546370E+00
    8156  1.92762760E+03  2.85346780E-01   1.31106134E-03   6.70567364E-01   1.41546292E+00
    8164  1.92965761E+03  2.85346796E-01   1.31105985E-03   6.70567723E-01   1.41546223E+00
    8172  1.93168763E+03  2.85346751E-01   1.31105870E-03   6.70568095E-01   1.41546155E+00
    8180  1.93371765E+03  2.85346719E-01   1.31105759E-03   6.70568436E-01   1.41546088E+00
    8189  1.93603301E+03  2.85347092E-01   1.31105497E-03   6.70568436E-01   1.41546010E+00
    8198  1.93834838E+03  2.85347077E-01   1.31105385E-03   6.70568746E-01   1.41545934E+00
    8207  1.94066374E+03  3.25884820E-02   1.31105269E-03   6.70569002E-01   1.41545857E+00
    8215  1.94269376E+03  3.25882172E-02   1.31105208E-03   6.70569263E-01   1.41545790E+00
    8223  1.94472377E+03  3.25880031E-02   1.31105148E-03   6.70569504E-01   1.41545723E+00
    8231  1.94675379E+03  3.25878196E-02   1.31105090E-03   6.70569729E-01   1.41545656E+00
    8240  1.94881640E+03  2.85346920E-01   1.31105017E-03   6.70569925E-01   1.41545587E+00
    8248  1.95084641E+03  2.85347146E-01   1.31104858E-03   6.70569925E-01   1.41545521E+00
    8257  1.95316178E+03  2.85347137E-01   1.31104779E-03   6.70570140E-01   1.41545444E+00
    8266  1.95547714E+03  2.85347144E-01   1.31104689E-03   6.70570357E-01   1.41545368E+00
    8275  1.95779251E+03  2.85347164E-01   1.31104590E-03   6.70570581E-01   1.41545293E+00
    8283  1.95982252E+03  2.85347189E-01   1.31104494E-03   6.70570791E-01   1.41545226E+00
    8291  1.96185254E+03  2.85347175E-01   1.31104410E-03   6.70571035E-01   1.41545160E+00
    8299  1.96388256E+03  2.85347473E-01   1.31104207E-03   6.70571035E-01   1.41545095E+00
    8308  1.96619792E+03  2.85347519E-01   1.31104080E-03   6.70571290E-01   1.41545020E+00
    8317  1.96851329E+03  2.85347565E-01   1.31103949E-03   6.70571554E-01   1.41544945E+00
    8325  1.97054330E+03  2.85347599E-01   1.31103833E-03   6.70571799E-01   1.41544880E+00
    8333  1.97257332E+03  2.85347580E-01   1.31103739E-03   6.70572078E-01   1.41544816E+00
    8341  1.97460334E+03  2.85347562E-01   1.31103642E-03   6.70572362E-01   1.41544751E+00
    8349  1.97663336E+03  2.85347877E-01   1.31103425E-03   6.70572362E-01   1.41544687E+00
    8358  1.97894872E+03  2.85347899E-01   1.31103298E-03   6.70572651E-01   1.41544614E+00
    8366  1.98097874E+03  2.85347912E-01   1.31103188E-03   6.70572915E-01   1.41544551E+00
    8374  1.98300876E+03  2.85347873E-01   1.31103097E-03   6.70573216E-01   1.41544487E+00
    8382  1.98503877E+03  2.85347840E-01   1.31103001E-03   6.70573524E-01   1.41544424E+00
    8390  1.98706879E+03  2.85347808E-01   1.31102901E-03   6.70573842E-01   1.41544361E+00
    8399  1.98938416E+03  3.25810130E-02   1.31102625E-03   6.70573842E-01   1.41544290E+00
    8407  1.99141417E+03  3.25808529E-02   1.31102493E-03   6.70574137E-01   1.41544228E+00
    8415  1.99344419E+03  3.25802410E-02   1.31102378E-03   6.70574476E-01   1.41544166E+00
    8423  1.99547421E+03  3.25795489E-02   1.31102255E-03   6.70574823E-01   1.41544104E+00
    8431  1.99750423E+03  3.25787986E-02   1.31102126E-03   6.70575177E-01   1.41544043E+00
    8439  1.99953425E+03  3.25784079E-02   1.31101847E-03   6.70575177E-01   1.41543981E+00
    8447  2.00156426E+03  3.25780687E-02   1.31101693E-03   6.70575500E-01   1.41543920E+00
    8455  2.00359428E+03  3.25772761E-02   1.31101564E-03   6.70575859E-01   1.41543859E+00
    8463  2.00562430E+03  3.25764799E-02   1.31101434E-03   6.70576211E-01   1.41543799E+00
    8471  2.00765432E+03  3.25757214E-02   1.31101306E-03   6.70576551E-01   1.41543738E+00
    8479  2.00968433E+03  3.25753856E-02   1.31101046E-03   6.70576551E-01   1.41543678E+00
    8487  2.01171435E+03  3.25751306E-02   1.31100914E-03   6.70576844E-01   1.41543618E+00
    8495  2.01374437E+03  3.25745067E-02   1.31100811E-03   6.70577152E-01   1.41543558E+00
    8503  2.01577439E+03  3.25739468E-02   1.31100711E-03   6.70577436E-01   1.41543498E+00
    8511  2.01780440E+03  3.25734764E-02   1.31100619E-03   6.70577695E-01   1.41543439E+00
    8519  2.01983442E+03  3.25733840E-02   1.31100429E-03   6.70577695E-01   1.41543379E+00
    8527  2.02186444E+03  3.25733716E-02   1.31100349E-03   6.70577908E-01   1.41543320E+00
    8535  2.02389446E+03  3.25731309E-02   1.31100296E-03   6.70578124E-01   1.41543261E+00
    8543  2.02592447E+03  3.25729617E-02   1.31100245E-03   6.70578320E-01   1.41543202E+00
    8551  2.02795449E+03  3.25728381E-02   1.31100197E-03   6.70578504E-01   1.41543143E+00
    8560  2.03001708E+03  2.27373675E-13   1.31100137E-03   6.70578664E-01   1.41543084E+00
